#
# A fatal error has been detected by the Java Runtime Environment:
#
#  SIGSEGV (0xb) at pc=0x00007f73a289da37, pid=31547, tid=31550
#
# JRE version: OpenJDK Runtime Environment (17.0.6+10) (build 17.0.6+10-Ubuntu-0ubuntu122.04)
# Java VM: OpenJDK 64-Bit Server VM (17.0.6+10-Ubuntu-0ubuntu122.04, mixed mode, emulated-client, sharing, tiered, compressed oops, compressed class ptrs, g1 gc, linux-amd64)
# Problematic frame:
# C  [libtesseract.so+0x9da37]  tesseract::Tesseract::recog_all_words(PAGE_RES*, ETEXT_DESC*, TBOX const*, char const*, int)+0x347
#
# Core dump will be written. Default location: Core dumps may be processed with "/usr/share/apport/apport -p%p -s%s -c%c -d%d -P%P -u%u -g%g -- %E" (or dumping to /home/tanishka/Documents/PE/demo/core.31547)
#
# If you would like to submit a bug report, please visit:
#   Unknown
# The crash happened outside the Java Virtual Machine in native code.
# See problematic frame for where to report the bug.
#

---------------  S U M M A R Y ------------

Command Line: -XX:TieredStopAtLevel=1 -Dspring.output.ansi.enabled=always -Dcom.sun.management.jmxremote -Dspring.jmx.enabled=true -Dspring.liveBeansView.mbeanDomain -Dspring.application.admin.enabled=true -Dmanagement.endpoints.jmx.exposure.include=* -javaagent:/snap/intellij-idea-ultimate/449/lib/idea_rt.jar=43981:/snap/intellij-idea-ultimate/449/bin -Dfile.encoding=UTF-8 com.example.demo.DemoApplication

Host: AMD Ryzen 5 3450U with Radeon Vega Mobile Gfx, 8 cores, 5G, Pop!_OS 22.04 LTS
Time: Sun Aug 27 11:55:23 2023 IST elapsed time: 1.352297 seconds (0d 0h 0m 1s)

---------------  T H R E A D  ---------------

Current thread (0x00007f73d40168c0):  JavaThread "main" [_thread_in_native, id=31550, stack(0x00007f73db500000,0x00007f73db600000)]

Stack: [0x00007f73db500000,0x00007f73db600000],  sp=0x00007f73db5fd560,  free space=1013k
Native frames: (J=compiled Java code, j=interpreted, Vv=VM code, C=native code)
C  [libtesseract.so+0x9da37]  tesseract::Tesseract::recog_all_words(PAGE_RES*, ETEXT_DESC*, TBOX const*, char const*, int)+0x347

Java frames: (J=compiled Java code, j=interpreted, Vv=VM code)
j  com.sun.jna.Native.invokePointer(Lcom/sun/jna/Function;JI[Ljava/lang/Object;)J+0
j  com.sun.jna.Function.invokePointer(I[Ljava/lang/Object;)Lcom/sun/jna/Pointer;+7
j  com.sun.jna.Function.invoke([Ljava/lang/Object;Ljava/lang/Class;ZI)Ljava/lang/Object;+385
j  com.sun.jna.Function.invoke(Ljava/lang/reflect/Method;[Ljava/lang/Class;Ljava/lang/Class;[Ljava/lang/Object;Ljava/util/Map;)Ljava/lang/Object;+271
j  com.sun.jna.Library$Handler.invoke(Ljava/lang/Object;Ljava/lang/reflect/Method;[Ljava/lang/Object;)Ljava/lang/Object;+390
j  jdk.proxy2.$Proxy2.TessBaseAPIGetUTF8Text(Lnet/sourceforge/tess4j/ITessAPI$TessBaseAPI;)Lcom/sun/jna/Pointer;+16 jdk.proxy2
j  net.sourceforge.tess4j.Tesseract.getOCRText(Ljava/lang/String;I)Ljava/lang/String;+269
j  net.sourceforge.tess4j.Tesseract.doOCR(Ljavax/imageio/IIOImage;Ljava/lang/String;Ljava/awt/Rectangle;I)Ljava/lang/String;+18
j  net.sourceforge.tess4j.Tesseract.doOCR(Ljava/io/File;Ljava/awt/Rectangle;)Ljava/lang/String;+126
j  net.sourceforge.tess4j.Tesseract.doOCR(Ljava/io/File;)Ljava/lang/String;+3
j  com.example.demo.DemoApplication.main([Ljava/lang/String;)V+20
v  ~StubRoutines::call_stub

siginfo: si_signo: 11 (SIGSEGV), si_code: 1 (SEGV_MAPERR), si_addr: 0x000000000000000c

Register to memory mapping:

RAX=0x0 is NULL
RBX=0x00007f73d44ec830 points into unknown readable memory: 0x00007f73a2b036b8 | b8 36 b0 a2 73 7f 00 00
RCX=0x00007f73d450e1b8 points into unknown readable memory: 0x0000000000000000 | 00 00 00 00 00 00 00 00
RDX=0x0 is NULL
RSP=0x00007f73db5fd560 is pointing into the stack for thread: 0x00007f73d40168c0
RBP=0x00007f73db5fd5b0 is pointing into the stack for thread: 0x00007f73d40168c0
RSI=0x0 is NULL
RDI=0x00007f73db5fd660 is pointing into the stack for thread: 0x00007f73d40168c0
R8 =0x00007f73d4600aa0 points into unknown readable memory: 0x00007f73d45f9220 | 20 92 5f d4 73 7f 00 00
R9 =0x0 is NULL
R10=0x00007f73d4619000 points into unknown readable memory: 0xa7f3b2a7e0b2a7e0 | e0 a7 b2 e0 a7 b2 f3 a7
R11=0x00007f73d4000090 points into unknown readable memory: 0x00007f73d46195e0 | e0 95 61 d4 73 7f 00 00
R12=0x00007f73d45483b0 points into unknown readable memory: 0x0000000000000000 | 00 00 00 00 00 00 00 00
R13=0x0 is NULL
R14=0x0 is NULL
R15=0x00007f73d45483b0 points into unknown readable memory: 0x0000000000000000 | 00 00 00 00 00 00 00 00


Registers:
RAX=0x0000000000000000, RBX=0x00007f73d44ec830, RCX=0x00007f73d450e1b8, RDX=0x0000000000000000
RSP=0x00007f73db5fd560, RBP=0x00007f73db5fd5b0, RSI=0x0000000000000000, RDI=0x00007f73db5fd660
R8 =0x00007f73d4600aa0, R9 =0x0000000000000000, R10=0x00007f73d4619000, R11=0x00007f73d4000090
R12=0x00007f73d45483b0, R13=0x0000000000000000, R14=0x0000000000000000, R15=0x00007f73d45483b0
RIP=0x00007f73a289da37, EFLAGS=0x0000000000010246, CSGSFS=0x002b000000000033, ERR=0x0000000000000004
  TRAPNO=0x000000000000000e

Top of Stack: (sp=0x00007f73db5fd560)
0x00007f73db5fd560:   0000000000000000 0000000000000000
0x00007f73db5fd570:   00007f73d4601fa0 00007f73d4010000
0x00007f73db5fd580:   00007f73d45f87b8 690955cff5cd7200
0x00007f73db5fd590:   0000000000000000 0000000000000001 

Instructions: (pc=0x00007f73a289da37)
0x00007f73a289d937:   24 70 48 85 c0 74 62 48 8b 94 24 80 00 00 00 48
0x00007f73a289d947:   8b 52 08 48 85 d2 74 04 48 8b 52 08 48 8b 80 38
0x00007f73a289d957:   01 00 00 48 85 c0 74 c1 8b 48 34 85 c9 74 ba 7e
0x00007f73a289d967:   1f 48 8b 40 10 83 e9 01 48 8d 4c 88 04 0f 1f 40
0x00007f73a289d977:   00 8b 30 85 f6 75 aa 48 83 c0 04 48 39 c8 75 f1
0x00007f73a289d987:   48 85 d2 74 94 8b 42 10 83 f8 03 77 6c 85 c0 74
0x00007f73a289d997:   90 eb 86 66 0f 1f 44 00 00 4d 85 ed 74 0a b8 64
0x00007f73a289d9a7:   00 00 00 66 41 89 45 02 b8 01 00 00 00 48 8b 94
0x00007f73a289d9b7:   24 98 01 00 00 64 48 2b 14 25 28 00 00 00 0f 85
0x00007f73a289d9c7:   8c 03 00 00 48 81 c4 a8 01 00 00 5b 5d 41 5c 41
0x00007f73a289d9d7:   5d 41 5e 41 5f c3 0f 1f 00 4d 85 ed 0f 84 c7 01
0x00007f73a289d9e7:   00 00 48 8b 14 24 48 89 ee 48 89 df e8 98 72 00
0x00007f73a289d9f7:   00 e9 f8 fe ff ff 0f 1f 00 83 e8 05 83 f8 03 0f
0x00007f73a289da07:   86 14 ff ff ff e9 17 ff ff ff 0f 1f 80 00 00 00
0x00007f73a289da17:   00 31 f6 48 89 ef e8 ce 1f 17 00 8b 83 08 14 00
0x00007f73a289da27:   00 85 c0 0f 8f c0 01 00 00 48 8b 83 b0 09 00 00
0x00007f73a289da37:   80 78 0c 00 0f 85 d8 02 00 00 8b 83 d8 44 02 00
0x00007f73a289da47:   45 31 ff 85 c0 7f 20 eb 47 48 8b 87 b0 09 00 00
0x00007f73a289da57:   80 78 0c 00 0f 85 9f 01 00 00 49 83 c7 01 44 39
0x00007f73a289da67:   bb d8 44 02 00 7e 29 48 8b 83 e0 44 02 00 4a 8b
0x00007f73a289da77:   3c f8 44 8b 9f 08 14 00 00 45 85 db 7e cb e8 46
0x00007f73a289da87:   96 0e 00 49 83 c7 01 44 39 bb d8 44 02 00 7f d7
0x00007f73a289da97:   48 c7 44 24 30 00 00 00 00 4c 8d 7c 24 30 4c 89
0x00007f73a289daa7:   ff e8 23 f2 1a 00 48 8b 4c 24 08 4d 89 f9 4d 89
0x00007f73a289dab7:   e0 48 8b 14 24 be 01 00 00 00 48 89 df e8 87 b2
0x00007f73a289dac7:   ff ff 44 8b 93 d4 35 02 00 45 85 d2 74 0b 4c 89
0x00007f73a289dad7:   fe 48 89 df e8 b0 ae 03 00 8b 44 24 30 45 31 c9
0x00007f73a289dae7:   4d 89 f8 48 89 e9 c7 83 c4 44 02 00 00 00 00 00
0x00007f73a289daf7:   4c 89 ea be 01 00 00 00 48 89 df 89 83 c0 44 02
0x00007f73a289db07:   00 48 c7 83 b4 44 02 00 00 00 00 00 66 44 89 8b
0x00007f73a289db17:   bc 44 02 00 48 89 9b f8 44 02 00 e8 69 ef ff ff
0x00007f73a289db27:   84 c0 0f 84 d6 01 00 00 31 f6 48 89 ef e8 b7 1e 


Stack slot to memory mapping:
stack at sp + 0 slots: 0x0 is NULL
stack at sp + 1 slots: 0x0 is NULL
stack at sp + 2 slots: 0x00007f73d4601fa0 points into unknown readable memory: 0x00007f73d4602120 | 20 21 60 d4 73 7f 00 00
stack at sp + 3 slots: 0x00007f73d4010000 points into unknown readable memory: 0x07016b00070b0007 | 07 00 0b 07 00 6b 01 07
stack at sp + 4 slots: 0x00007f73d45f87b8 points into unknown readable memory: 0x00007f73d4611ba0 | a0 1b 61 d4 73 7f 00 00
stack at sp + 5 slots: 0x690955cff5cd7200 is an unknown value
stack at sp + 6 slots: 0x0 is NULL
stack at sp + 7 slots: 0x0000000000000001 is an unknown value


---------------  P R O C E S S  ---------------

Threads class SMR info:
_java_thread_list=0x00007f739c001f80, length=17, elements={
0x00007f73d40168c0, 0x00007f73d40fe100, 0x00007f73d40ff4e0, 0x00007f73d4104850,
0x00007f73d4105c00, 0x00007f73d4107010, 0x00007f73d4108580, 0x00007f73d41099e0,
0x00007f73d4115100, 0x00007f738c0b5910, 0x00007f738c0b7070, 0x00007f73d43037b0,
0x00007f73d4304f00, 0x00007f73d43b6d10, 0x00007f73d449f430, 0x00007f73d44cdd60,
0x00007f739c000fe0
}

Java Threads: ( => current thread )
=>0x00007f73d40168c0 JavaThread "main" [_thread_in_native, id=31550, stack(0x00007f73db500000,0x00007f73db600000)]
  0x00007f73d40fe100 JavaThread "Reference Handler" daemon [_thread_blocked, id=31565, stack(0x00007f73b9826000,0x00007f73b9926000)]
  0x00007f73d40ff4e0 JavaThread "Finalizer" daemon [_thread_blocked, id=31566, stack(0x00007f73b8f00000,0x00007f73b9000000)]
  0x00007f73d4104850 JavaThread "Signal Dispatcher" daemon [_thread_blocked, id=31567, stack(0x00007f73b8e00000,0x00007f73b8f00000)]
  0x00007f73d4105c00 JavaThread "Service Thread" daemon [_thread_blocked, id=31568, stack(0x00007f73b8d00000,0x00007f73b8e00000)]
  0x00007f73d4107010 JavaThread "Monitor Deflation Thread" daemon [_thread_blocked, id=31569, stack(0x00007f73b8c00000,0x00007f73b8d00000)]
  0x00007f73d4108580 JavaThread "C1 CompilerThread0" daemon [_thread_blocked, id=31570, stack(0x00007f73b8b00000,0x00007f73b8c00000)]
  0x00007f73d41099e0 JavaThread "Sweeper thread" daemon [_thread_blocked, id=31571, stack(0x00007f73b8a00000,0x00007f73b8b00000)]
  0x00007f73d4115100 JavaThread "Common-Cleaner" daemon [_thread_blocked, id=31575, stack(0x00007f73b8900000,0x00007f73b8a00000)]
  0x00007f738c0b5910 JavaThread "C1 CompilerThread1" daemon [_thread_blocked, id=31577, stack(0x00007f73b8800000,0x00007f73b8900000)]
  0x00007f738c0b7070 JavaThread "C1 CompilerThread2" daemon [_thread_blocked, id=31578, stack(0x00007f73b8700000,0x00007f73b8800000)]
  0x00007f73d43037b0 JavaThread "Monitor Ctrl-Break" daemon [_thread_in_native, id=31579, stack(0x00007f73b8600000,0x00007f73b8700000)]
  0x00007f73d4304f00 JavaThread "Notification Thread" daemon [_thread_blocked, id=31580, stack(0x00007f73b8500000,0x00007f73b8600000)]
  0x00007f73d43b6d10 JavaThread "RMI TCP Accept-0" daemon [_thread_in_native, id=31583, stack(0x00007f73b8400000,0x00007f73b8500000)]
  0x00007f73d449f430 JavaThread "Java2D Disposer" daemon [_thread_blocked, id=31586, stack(0x00007f73a2f00000,0x00007f73a3000000)]
  0x00007f73d44cdd60 JavaThread "process reaper" daemon [_thread_blocked, id=31588, stack(0x00007f73d3f38000,0x00007f73d3f5a000)]
  0x00007f739c000fe0 JavaThread "Attach Listener" daemon [_thread_in_vm, id=31589, stack(0x00007f73a0100000,0x00007f73a0200000)]

Other Threads:
  0x00007f73d40fa040 VMThread "VM Thread" [stack: 0x00007f73b9928000,0x00007f73b9a28000] [id=31564]
  0x00007f73d4364370 WatcherThread [stack: 0x00007f73b8300000,0x00007f73b8400000] [id=31584]
  0x00007f73d4061c20 GCTaskThread "GC Thread#0" [stack: 0x00007f73c871a000,0x00007f73c881a000] [id=31553]
  0x00007f73d406e7a0 ConcurrentGCThread "G1 Main Marker" [stack: 0x00007f73c8618000,0x00007f73c8718000] [id=31554]
  0x00007f73d406f700 ConcurrentGCThread "G1 Conc#0" [stack: 0x00007f73c8516000,0x00007f73c8616000] [id=31555]
  0x00007f73d40cfc90 ConcurrentGCThread "G1 Refine#0" [stack: 0x00007f73b9bfd000,0x00007f73b9cfd000] [id=31556]
  0x00007f73d40d0b80 ConcurrentGCThread "G1 Service" [stack: 0x00007f73b9afb000,0x00007f73b9bfb000] [id=31557]

Threads with active compile tasks:

VM state: not at safepoint (normal execution)

VM Mutex/Monitor currently owned by a thread: None

Heap address: 0x00000000a5400000, size: 1452 MB, Compressed Oops mode: 32-bit

CDS archive(s) mapped at: [0x0000000800000000-0x0000000800be3000-0x0000000800be3000), size 12464128, SharedBaseAddress: 0x0000000800000000, ArchiveRelocationMode: 0.
Compressed class space mapped at: 0x0000000800c00000-0x0000000840c00000, reserved size: 1073741824
Narrow klass base: 0x0000000800000000, Narrow klass shift: 0, Narrow klass range: 0x100000000

GC Precious Log:
 CPUs: 8 total, 8 available
 Memory: 5802M
 Large Page Support: Disabled
 NUMA Support: Disabled
 Compressed Oops: Enabled (32-bit)
 Heap Region Size: 1M
 Heap Min Capacity: 8M
 Heap Initial Capacity: 92M
 Heap Max Capacity: 1452M
 Pre-touch: Disabled
 Parallel Workers: 8
 Concurrent Workers: 2
 Concurrent Refinement Workers: 8
 Periodic GC: Disabled

Heap:
 garbage-first heap   total 96256K, used 24552K [0x00000000a5400000, 0x0000000100000000)
  region size 1024K, 18 young (18432K), 0 survivors (0K)
 Metaspace       used 7979K, committed 8192K, reserved 1056768K
  class space    used 929K, committed 1024K, reserved 1048576K

Heap Regions: E=young(eden), S=young(survivor), O=old, HS=humongous(starts), HC=humongous(continues), CS=collection set, F=free, OA=open archive, CA=closed archive, TAMS=top-at-mark-start (previous, next)
|   0|0x00000000a5400000, 0x00000000a5500000, 0x00000000a5500000|100%|HS|  |TAMS 0x00000000a5400000, 0x00000000a5400000| Complete 
|   1|0x00000000a5500000, 0x00000000a5600000, 0x00000000a5600000|100%|HC|  |TAMS 0x00000000a5500000, 0x00000000a5500000| Complete 
|   2|0x00000000a5600000, 0x00000000a5700000, 0x00000000a5700000|100%|HS|  |TAMS 0x00000000a5600000, 0x00000000a5600000| Complete 
|   3|0x00000000a5700000, 0x00000000a5800000, 0x00000000a5800000|100%|HC|  |TAMS 0x00000000a5700000, 0x00000000a5700000| Complete 
|   4|0x00000000a5800000, 0x00000000a5900000, 0x00000000a5900000|100%|HS|  |TAMS 0x00000000a5800000, 0x00000000a5800000| Complete 
|   5|0x00000000a5900000, 0x00000000a5a00000, 0x00000000a5a00000|100%|HC|  |TAMS 0x00000000a5900000, 0x00000000a5900000| Complete 
|   6|0x00000000a5a00000, 0x00000000a5a00000, 0x00000000a5b00000|  0%| F|  |TAMS 0x00000000a5a00000, 0x00000000a5a00000| Untracked 
|   7|0x00000000a5b00000, 0x00000000a5b00000, 0x00000000a5c00000|  0%| F|  |TAMS 0x00000000a5b00000, 0x00000000a5b00000| Untracked 
|   8|0x00000000a5c00000, 0x00000000a5c00000, 0x00000000a5d00000|  0%| F|  |TAMS 0x00000000a5c00000, 0x00000000a5c00000| Untracked 
|   9|0x00000000a5d00000, 0x00000000a5d00000, 0x00000000a5e00000|  0%| F|  |TAMS 0x00000000a5d00000, 0x00000000a5d00000| Untracked 
|  10|0x00000000a5e00000, 0x00000000a5e00000, 0x00000000a5f00000|  0%| F|  |TAMS 0x00000000a5e00000, 0x00000000a5e00000| Untracked 
|  11|0x00000000a5f00000, 0x00000000a5f00000, 0x00000000a6000000|  0%| F|  |TAMS 0x00000000a5f00000, 0x00000000a5f00000| Untracked 
|  12|0x00000000a6000000, 0x00000000a6000000, 0x00000000a6100000|  0%| F|  |TAMS 0x00000000a6000000, 0x00000000a6000000| Untracked 
|  13|0x00000000a6100000, 0x00000000a6100000, 0x00000000a6200000|  0%| F|  |TAMS 0x00000000a6100000, 0x00000000a6100000| Untracked 
|  14|0x00000000a6200000, 0x00000000a6200000, 0x00000000a6300000|  0%| F|  |TAMS 0x00000000a6200000, 0x00000000a6200000| Untracked 
|  15|0x00000000a6300000, 0x00000000a6300000, 0x00000000a6400000|  0%| F|  |TAMS 0x00000000a6300000, 0x00000000a6300000| Untracked 
|  16|0x00000000a6400000, 0x00000000a6400000, 0x00000000a6500000|  0%| F|  |TAMS 0x00000000a6400000, 0x00000000a6400000| Untracked 
|  17|0x00000000a6500000, 0x00000000a6500000, 0x00000000a6600000|  0%| F|  |TAMS 0x00000000a6500000, 0x00000000a6500000| Untracked 
|  18|0x00000000a6600000, 0x00000000a6600000, 0x00000000a6700000|  0%| F|  |TAMS 0x00000000a6600000, 0x00000000a6600000| Untracked 
|  19|0x00000000a6700000, 0x00000000a6700000, 0x00000000a6800000|  0%| F|  |TAMS 0x00000000a6700000, 0x00000000a6700000| Untracked 
|  20|0x00000000a6800000, 0x00000000a6800000, 0x00000000a6900000|  0%| F|  |TAMS 0x00000000a6800000, 0x00000000a6800000| Untracked 
|  21|0x00000000a6900000, 0x00000000a6900000, 0x00000000a6a00000|  0%| F|  |TAMS 0x00000000a6900000, 0x00000000a6900000| Untracked 
|  22|0x00000000a6a00000, 0x00000000a6a00000, 0x00000000a6b00000|  0%| F|  |TAMS 0x00000000a6a00000, 0x00000000a6a00000| Untracked 
|  23|0x00000000a6b00000, 0x00000000a6b00000, 0x00000000a6c00000|  0%| F|  |TAMS 0x00000000a6b00000, 0x00000000a6b00000| Untracked 
|  24|0x00000000a6c00000, 0x00000000a6c00000, 0x00000000a6d00000|  0%| F|  |TAMS 0x00000000a6c00000, 0x00000000a6c00000| Untracked 
|  25|0x00000000a6d00000, 0x00000000a6d00000, 0x00000000a6e00000|  0%| F|  |TAMS 0x00000000a6d00000, 0x00000000a6d00000| Untracked 
|  26|0x00000000a6e00000, 0x00000000a6e00000, 0x00000000a6f00000|  0%| F|  |TAMS 0x00000000a6e00000, 0x00000000a6e00000| Untracked 
|  27|0x00000000a6f00000, 0x00000000a6f00000, 0x00000000a7000000|  0%| F|  |TAMS 0x00000000a6f00000, 0x00000000a6f00000| Untracked 
|  28|0x00000000a7000000, 0x00000000a7000000, 0x00000000a7100000|  0%| F|  |TAMS 0x00000000a7000000, 0x00000000a7000000| Untracked 
|  29|0x00000000a7100000, 0x00000000a7100000, 0x00000000a7200000|  0%| F|  |TAMS 0x00000000a7100000, 0x00000000a7100000| Untracked 
|  30|0x00000000a7200000, 0x00000000a7200000, 0x00000000a7300000|  0%| F|  |TAMS 0x00000000a7200000, 0x00000000a7200000| Untracked 
|  31|0x00000000a7300000, 0x00000000a7300000, 0x00000000a7400000|  0%| F|  |TAMS 0x00000000a7300000, 0x00000000a7300000| Untracked 
|  32|0x00000000a7400000, 0x00000000a7400000, 0x00000000a7500000|  0%| F|  |TAMS 0x00000000a7400000, 0x00000000a7400000| Untracked 
|  33|0x00000000a7500000, 0x00000000a7500000, 0x00000000a7600000|  0%| F|  |TAMS 0x00000000a7500000, 0x00000000a7500000| Untracked 
|  34|0x00000000a7600000, 0x00000000a7600000, 0x00000000a7700000|  0%| F|  |TAMS 0x00000000a7600000, 0x00000000a7600000| Untracked 
|  35|0x00000000a7700000, 0x00000000a7700000, 0x00000000a7800000|  0%| F|  |TAMS 0x00000000a7700000, 0x00000000a7700000| Untracked 
|  36|0x00000000a7800000, 0x00000000a7800000, 0x00000000a7900000|  0%| F|  |TAMS 0x00000000a7800000, 0x00000000a7800000| Untracked 
|  37|0x00000000a7900000, 0x00000000a7900000, 0x00000000a7a00000|  0%| F|  |TAMS 0x00000000a7900000, 0x00000000a7900000| Untracked 
|  38|0x00000000a7a00000, 0x00000000a7a00000, 0x00000000a7b00000|  0%| F|  |TAMS 0x00000000a7a00000, 0x00000000a7a00000| Untracked 
|  39|0x00000000a7b00000, 0x00000000a7b00000, 0x00000000a7c00000|  0%| F|  |TAMS 0x00000000a7b00000, 0x00000000a7b00000| Untracked 
|  40|0x00000000a7c00000, 0x00000000a7c00000, 0x00000000a7d00000|  0%| F|  |TAMS 0x00000000a7c00000, 0x00000000a7c00000| Untracked 
|  41|0x00000000a7d00000, 0x00000000a7d00000, 0x00000000a7e00000|  0%| F|  |TAMS 0x00000000a7d00000, 0x00000000a7d00000| Untracked 
|  42|0x00000000a7e00000, 0x00000000a7e00000, 0x00000000a7f00000|  0%| F|  |TAMS 0x00000000a7e00000, 0x00000000a7e00000| Untracked 
|  43|0x00000000a7f00000, 0x00000000a7f00000, 0x00000000a8000000|  0%| F|  |TAMS 0x00000000a7f00000, 0x00000000a7f00000| Untracked 
|  44|0x00000000a8000000, 0x00000000a8000000, 0x00000000a8100000|  0%| F|  |TAMS 0x00000000a8000000, 0x00000000a8000000| Untracked 
|  45|0x00000000a8100000, 0x00000000a8100000, 0x00000000a8200000|  0%| F|  |TAMS 0x00000000a8100000, 0x00000000a8100000| Untracked 
|  46|0x00000000a8200000, 0x00000000a8200000, 0x00000000a8300000|  0%| F|  |TAMS 0x00000000a8200000, 0x00000000a8200000| Untracked 
|  47|0x00000000a8300000, 0x00000000a8300000, 0x00000000a8400000|  0%| F|  |TAMS 0x00000000a8300000, 0x00000000a8300000| Untracked 
|  48|0x00000000a8400000, 0x00000000a8400000, 0x00000000a8500000|  0%| F|  |TAMS 0x00000000a8400000, 0x00000000a8400000| Untracked 
|  49|0x00000000a8500000, 0x00000000a8500000, 0x00000000a8600000|  0%| F|  |TAMS 0x00000000a8500000, 0x00000000a8500000| Untracked 
|  50|0x00000000a8600000, 0x00000000a8600000, 0x00000000a8700000|  0%| F|  |TAMS 0x00000000a8600000, 0x00000000a8600000| Untracked 
|  51|0x00000000a8700000, 0x00000000a8700000, 0x00000000a8800000|  0%| F|  |TAMS 0x00000000a8700000, 0x00000000a8700000| Untracked 
|  52|0x00000000a8800000, 0x00000000a8800000, 0x00000000a8900000|  0%| F|  |TAMS 0x00000000a8800000, 0x00000000a8800000| Untracked 
|  53|0x00000000a8900000, 0x00000000a8900000, 0x00000000a8a00000|  0%| F|  |TAMS 0x00000000a8900000, 0x00000000a8900000| Untracked 
|  54|0x00000000a8a00000, 0x00000000a8a00000, 0x00000000a8b00000|  0%| F|  |TAMS 0x00000000a8a00000, 0x00000000a8a00000| Untracked 
|  55|0x00000000a8b00000, 0x00000000a8b00000, 0x00000000a8c00000|  0%| F|  |TAMS 0x00000000a8b00000, 0x00000000a8b00000| Untracked 
|  56|0x00000000a8c00000, 0x00000000a8c00000, 0x00000000a8d00000|  0%| F|  |TAMS 0x00000000a8c00000, 0x00000000a8c00000| Untracked 
|  57|0x00000000a8d00000, 0x00000000a8d00000, 0x00000000a8e00000|  0%| F|  |TAMS 0x00000000a8d00000, 0x00000000a8d00000| Untracked 
|  58|0x00000000a8e00000, 0x00000000a8e00000, 0x00000000a8f00000|  0%| F|  |TAMS 0x00000000a8e00000, 0x00000000a8e00000| Untracked 
|  59|0x00000000a8f00000, 0x00000000a8f00000, 0x00000000a9000000|  0%| F|  |TAMS 0x00000000a8f00000, 0x00000000a8f00000| Untracked 
|  60|0x00000000a9000000, 0x00000000a9000000, 0x00000000a9100000|  0%| F|  |TAMS 0x00000000a9000000, 0x00000000a9000000| Untracked 
|  61|0x00000000a9100000, 0x00000000a9100000, 0x00000000a9200000|  0%| F|  |TAMS 0x00000000a9100000, 0x00000000a9100000| Untracked 
|  62|0x00000000a9200000, 0x00000000a9200000, 0x00000000a9300000|  0%| F|  |TAMS 0x00000000a9200000, 0x00000000a9200000| Untracked 
|  63|0x00000000a9300000, 0x00000000a9300000, 0x00000000a9400000|  0%| F|  |TAMS 0x00000000a9300000, 0x00000000a9300000| Untracked 
|  64|0x00000000a9400000, 0x00000000a9400000, 0x00000000a9500000|  0%| F|  |TAMS 0x00000000a9400000, 0x00000000a9400000| Untracked 
|  65|0x00000000a9500000, 0x00000000a9500000, 0x00000000a9600000|  0%| F|  |TAMS 0x00000000a9500000, 0x00000000a9500000| Untracked 
|  66|0x00000000a9600000, 0x00000000a9600000, 0x00000000a9700000|  0%| F|  |TAMS 0x00000000a9600000, 0x00000000a9600000| Untracked 
|  67|0x00000000a9700000, 0x00000000a9700000, 0x00000000a9800000|  0%| F|  |TAMS 0x00000000a9700000, 0x00000000a9700000| Untracked 
|  68|0x00000000a9800000, 0x00000000a9800000, 0x00000000a9900000|  0%| F|  |TAMS 0x00000000a9800000, 0x00000000a9800000| Untracked 
|  69|0x00000000a9900000, 0x00000000a9900000, 0x00000000a9a00000|  0%| F|  |TAMS 0x00000000a9900000, 0x00000000a9900000| Untracked 
|  70|0x00000000a9a00000, 0x00000000a9a00000, 0x00000000a9b00000|  0%| F|  |TAMS 0x00000000a9a00000, 0x00000000a9a00000| Untracked 
|  71|0x00000000a9b00000, 0x00000000a9b00000, 0x00000000a9c00000|  0%| F|  |TAMS 0x00000000a9b00000, 0x00000000a9b00000| Untracked 
|  72|0x00000000a9c00000, 0x00000000a9c00000, 0x00000000a9d00000|  0%| F|  |TAMS 0x00000000a9c00000, 0x00000000a9c00000| Untracked 
|  73|0x00000000a9d00000, 0x00000000a9d00000, 0x00000000a9e00000|  0%| F|  |TAMS 0x00000000a9d00000, 0x00000000a9d00000| Untracked 
|  74|0x00000000a9e00000, 0x00000000a9e76458, 0x00000000a9f00000| 46%| E|  |TAMS 0x00000000a9e00000, 0x00000000a9e00000| Complete 
|  75|0x00000000a9f00000, 0x00000000aa000000, 0x00000000aa000000|100%| E|CS|TAMS 0x00000000a9f00000, 0x00000000a9f00000| Complete 
|  76|0x00000000aa000000, 0x00000000aa100000, 0x00000000aa100000|100%| E|CS|TAMS 0x00000000aa000000, 0x00000000aa000000| Complete 
|  77|0x00000000aa100000, 0x00000000aa200000, 0x00000000aa200000|100%| E|CS|TAMS 0x00000000aa100000, 0x00000000aa100000| Complete 
|  78|0x00000000aa200000, 0x00000000aa300000, 0x00000000aa300000|100%| E|CS|TAMS 0x00000000aa200000, 0x00000000aa200000| Complete 
|  79|0x00000000aa300000, 0x00000000aa400000, 0x00000000aa400000|100%| E|CS|TAMS 0x00000000aa300000, 0x00000000aa300000| Complete 
|  80|0x00000000aa400000, 0x00000000aa500000, 0x00000000aa500000|100%| E|CS|TAMS 0x00000000aa400000, 0x00000000aa400000| Complete 
|  81|0x00000000aa500000, 0x00000000aa600000, 0x00000000aa600000|100%| E|CS|TAMS 0x00000000aa500000, 0x00000000aa500000| Complete 
|  82|0x00000000aa600000, 0x00000000aa700000, 0x00000000aa700000|100%| E|CS|TAMS 0x00000000aa600000, 0x00000000aa600000| Complete 
|  83|0x00000000aa700000, 0x00000000aa800000, 0x00000000aa800000|100%| E|CS|TAMS 0x00000000aa700000, 0x00000000aa700000| Complete 
|  84|0x00000000aa800000, 0x00000000aa900000, 0x00000000aa900000|100%| E|CS|TAMS 0x00000000aa800000, 0x00000000aa800000| Complete 
|  85|0x00000000aa900000, 0x00000000aaa00000, 0x00000000aaa00000|100%| E|CS|TAMS 0x00000000aa900000, 0x00000000aa900000| Complete 
|  86|0x00000000aaa00000, 0x00000000aab00000, 0x00000000aab00000|100%| E|CS|TAMS 0x00000000aaa00000, 0x00000000aaa00000| Complete 
|  87|0x00000000aab00000, 0x00000000aac00000, 0x00000000aac00000|100%| E|CS|TAMS 0x00000000aab00000, 0x00000000aab00000| Complete 
|  88|0x00000000aac00000, 0x00000000aad00000, 0x00000000aad00000|100%| E|CS|TAMS 0x00000000aac00000, 0x00000000aac00000| Complete 
|  89|0x00000000aad00000, 0x00000000aae00000, 0x00000000aae00000|100%| E|CS|TAMS 0x00000000aad00000, 0x00000000aad00000| Complete 
|  90|0x00000000aae00000, 0x00000000aaf00000, 0x00000000aaf00000|100%| E|CS|TAMS 0x00000000aae00000, 0x00000000aae00000| Complete 
|  91|0x00000000aaf00000, 0x00000000ab000000, 0x00000000ab000000|100%| E|CS|TAMS 0x00000000aaf00000, 0x00000000aaf00000| Complete 
|1450|0x00000000ffe00000, 0x00000000ffe77000, 0x00000000fff00000| 46%|OA|  |TAMS 0x00000000ffe00000, 0x00000000ffe00000| Untracked 
|1451|0x00000000fff00000, 0x00000000fff83000, 0x0000000100000000| 51%|CA|  |TAMS 0x00000000fff00000, 0x00000000fff00000| Untracked 

Card table byte_map: [0x00007f73cb850000,0x00007f73cbb26000] _byte_map_base: 0x00007f73cb326000

Marking Bits (Prev, Next): (CMBitMap*) 0x00007f73d40626a0, (CMBitMap*) 0x00007f73d40626e0
 Prev Bits: [0x00007f73c9eca000, 0x00007f73cb57a000)
 Next Bits: [0x00007f73c881a000, 0x00007f73c9eca000)

Polling page: 0x00007f73dd094000

Metaspace:

Usage:
  Non-class:      6.93 MB used.
      Class:    930.65 KB used.
       Both:      7.84 MB used.

Virtual space:
  Non-class space:        8.00 MB reserved,       7.00 MB ( 88%) committed,  1 nodes.
      Class space:        1.00 GB reserved,       1.00 MB ( <1%) committed,  1 nodes.
             Both:        1.01 GB reserved,       8.00 MB ( <1%) committed. 

Chunk freelists:
   Non-Class:  648.00 KB
       Class:  3.00 MB
        Both:  3.63 MB

MaxMetaspaceSize: unlimited
CompressedClassSpaceSize: 1.00 GB
Initial GC threshold: 21.00 MB
Current GC threshold: 21.00 MB
CDS: on
MetaspaceReclaimPolicy: balanced
 - commit_granule_bytes: 65536.
 - commit_granule_words: 8192.
 - virtual_space_node_default_size: 1048576.
 - enlarge_chunks_in_place: 1.
 - new_chunks_are_fully_committed: 0.
 - uncommit_free_chunks: 1.
 - use_allocation_guard: 0.
 - handle_deallocations: 1.


Internal statistics:

num_allocs_failed_limit: 0.
num_arena_births: 130.
num_arena_deaths: 0.
num_vsnodes_births: 2.
num_vsnodes_deaths: 0.
num_space_committed: 128.
num_space_uncommitted: 0.
num_chunks_returned_to_freelist: 0.
num_chunks_taken_from_freelist: 213.
num_chunk_merges: 0.
num_chunk_splits: 139.
num_chunks_enlarged: 96.
num_purges: 0.
num_inconsistent_stats: 0.

CodeCache: size=49152Kb used=3924Kb max_used=3924Kb free=45227Kb
 bounds [0x00007f73d8500000, 0x00007f73d88e0000, 0x00007f73db500000]
 total_blobs=1644 nmethods=1152 adapters=419
 compilation: enabled
              stopped_count=0, restarted_count=0
 full_count=0

Compilation events (20 events):
Event: 1.269 Thread 0x00007f738c0b7070 nmethod 1139 0x00007f73d88ce910 code [0x00007f73d88ceae0, 0x00007f73d88ced20]
Event: 1.269 Thread 0x00007f738c0b7070 1140       1       java.io.FilterInputStream::read (8 bytes)
Event: 1.269 Thread 0x00007f738c0b7070 nmethod 1140 0x00007f73d88cee90 code [0x00007f73d88cf040, 0x00007f73d88cf120]
Event: 1.269 Thread 0x00007f738c0b7070 1141       1       sun.awt.image.ByteInterleavedRaster::setRect (187 bytes)
Event: 1.269 Thread 0x00007f738c0b7070 nmethod 1141 0x00007f73d88cf190 code [0x00007f73d88cf340, 0x00007f73d88cf570]
Event: 1.269 Thread 0x00007f738c0b7070 1143       1       sun.awt.image.ByteInterleavedRaster::getDataElements (15 bytes)
Event: 1.270 Thread 0x00007f738c0b7070 nmethod 1143 0x00007f73d88cf690 code [0x00007f73d88cf840, 0x00007f73d88cf940]
Event: 1.270 Thread 0x00007f738c0b7070 1144       1       sun.awt.image.ByteInterleavedRaster::getByteData (851 bytes)
Event: 1.271 Thread 0x00007f738c0b5910 1145       1       sun.awt.image.ByteInterleavedRaster::setDataElements (15 bytes)
Event: 1.271 Thread 0x00007f738c0b5910 nmethod 1145 0x00007f73d88cfa10 code [0x00007f73d88cfbc0, 0x00007f73d88cfcc0]
Event: 1.271 Thread 0x00007f738c0b5910 1146   !   1       java.util.zip.Inflater::finished (19 bytes)
Event: 1.271 Thread 0x00007f738c0b5910 nmethod 1146 0x00007f73d88cfd90 code [0x00007f73d88cff20, 0x00007f73d88d00b0]
Event: 1.272 Thread 0x00007f738c0b7070 nmethod 1144 0x00007f73d88d0190 code [0x00007f73d88d03e0, 0x00007f73d88d1240]
Event: 1.273 Thread 0x00007f73d4108580 nmethod 1142 0x00007f73d88d1c10 code [0x00007f73d88d1e00, 0x00007f73d88d23a0]
Event: 1.278 Thread 0x00007f738c0b5910 1147       1       javax.imageio.ImageReader::processImageUpdate (73 bytes)
Event: 1.279 Thread 0x00007f738c0b5910 nmethod 1147 0x00007f73d88d2790 code [0x00007f73d88d2960, 0x00007f73d88d2be0]
Event: 1.341 Thread 0x00007f738c0b7070 1148       1       sun.util.locale.LocaleUtils::isUpper (18 bytes)
Event: 1.341 Thread 0x00007f738c0b7070 nmethod 1148 0x00007f73d88d2d90 code [0x00007f73d88d2f20, 0x00007f73d88d2ff0]
Event: 1.347 Thread 0x00007f738c0b5910 1149       1       java.util.StringTokenizer::skipDelimiters (116 bytes)
Event: 1.347 Thread 0x00007f738c0b7070 1150       1       java.util.StringTokenizer::scanToken (179 bytes)

GC Heap History (0 events):
No events

Dll operation events (14 events):
Event: 0.004 Loaded shared library /usr/lib/jvm/java-17-openjdk-amd64/lib/libjava.so
Event: 0.004 Loaded shared library /usr/lib/jvm/java-17-openjdk-amd64/lib/libzip.so
Event: 0.021 Loaded shared library /usr/lib/jvm/java-17-openjdk-amd64/lib/libjsvml.so
Event: 0.131 Loaded shared library /usr/lib/jvm/java-17-openjdk-amd64/lib/libinstrument.so
Event: 0.137 Loaded shared library /usr/lib/jvm/java-17-openjdk-amd64/lib/libnio.so
Event: 0.142 Loaded shared library /usr/lib/jvm/java-17-openjdk-amd64/lib/libzip.so
Event: 0.212 Loaded shared library /usr/lib/jvm/java-17-openjdk-amd64/lib/libnet.so
Event: 0.217 Loaded shared library /usr/lib/jvm/java-17-openjdk-amd64/lib/libjimage.so
Event: 0.228 Loaded shared library /usr/lib/jvm/java-17-openjdk-amd64/lib/libextnet.so
Event: 0.249 Loaded shared library /usr/lib/jvm/java-17-openjdk-amd64/lib/libmanagement.so
Event: 0.285 Loaded shared library /usr/lib/jvm/java-17-openjdk-amd64/lib/libmanagement_ext.so
Event: 0.898 Loaded shared library /usr/lib/jvm/java-17-openjdk-amd64/lib/libawt.so
Event: 0.908 Loaded shared library /usr/lib/jvm/java-17-openjdk-amd64/lib/libawt_xawt.so
Event: 1.030 Loaded shared library /home/tanishka/.cache/JNA/temp/jna18028150049477930127.tmp

Deoptimization events (0 events):
No events

Classes unloaded (0 events):
No events

Classes redefined (0 events):
No events

Internal exceptions (20 events):
Event: 0.231 Thread 0x00007f73d43037b0 Exception <a 'java/lang/NoSuchMethodError'{0x00000000aab06488}: 'void java.lang.invoke.DirectMethodHandle$Holder.invokeStatic(java.lang.Object, java.lang.Object)'> (0x00000000aab06488) 
thrown [./src/hotspot/share/interpreter/linkResolver.cpp, line 758]
Event: 0.296 Thread 0x00007f73d40168c0 Exception <a 'java/lang/NoSuchMethodError'{0x00000000aacb1780}: 'int java.lang.invoke.DirectMethodHandle$Holder.invokeInterface(java.lang.Object, java.lang.Object)'> (0x00000000aacb1780) 
thrown [./src/hotspot/share/interpreter/linkResolver.cpp, line 758]
Event: 0.298 Thread 0x00007f73d40168c0 Exception <a 'java/lang/IncompatibleClassChangeError'{0x00000000aacb4d80}: Found class java.lang.Object, but interface was expected> (0x00000000aacb4d80) 
thrown [./src/hotspot/share/interpreter/linkResolver.cpp, line 826]
Event: 0.443 Thread 0x00007f73d40168c0 Exception <a 'java/lang/NoSuchMethodError'{0x00000000aabf27f8}: 'void java.lang.invoke.DirectMethodHandle$Holder.invokeStatic(java.lang.Object, java.lang.Object, java.lang.Object)'> (0x00000000aabf27f8) 
thrown [./src/hotspot/share/interpreter/linkResolver.cpp, line 758]
Event: 0.477 Thread 0x00007f73d40168c0 Exception <a 'java/lang/NoSuchMethodError'{0x00000000aaa3d9c0}: 'int java.lang.invoke.DirectMethodHandle$Holder.invokeSpecial(java.lang.Object, java.lang.Object, java.lang.Object)'> (0x00000000aaa3d9c0) 
thrown [./src/hotspot/share/interpreter/linkResolver.cpp, line 758]
Event: 0.594 Thread 0x00007f73d40168c0 Exception <a 'java/lang/NoSuchMethodError'{0x00000000aa96cf50}: 'int java.lang.invoke.DirectMethodHandle$Holder.invokeSpecialIFC(java.lang.Object, java.lang.Object, java.lang.Object)'> (0x00000000aa96cf50) 
thrown [./src/hotspot/share/interpreter/linkResolver.cpp, line 758]
Event: 0.673 Thread 0x00007f73d40168c0 Exception <a 'java/lang/ClassNotFoundException'{0x00000000aa805708}: javax/management/remote/rmi/RMIServerImpl_Skel> (0x00000000aa805708) 
thrown [./src/hotspot/share/classfile/systemDictionary.cpp, line 256]
Event: 0.798 Thread 0x00007f73d40168c0 Exception <a 'java/lang/NoSuchMethodError'{0x00000000aa663158}: 'java.lang.Object java.lang.invoke.DirectMethodHandle$Holder.invokeSpecial(java.lang.Object, java.lang.Object, java.lang.Object, long, java.lang.Object)'> (0x00000000aa663158) 
thrown [./src/hotspot/share/interpreter/linkResolver.cpp, line 758]
Event: 0.799 Thread 0x00007f73d40168c0 Exception <a 'java/lang/NoSuchMethodError'{0x00000000aa666d28}: 'java.lang.Object java.lang.invoke.Invokers$Holder.linkToTargetMethod(java.lang.Object, long, java.lang.Object, java.lang.Object)'> (0x00000000aa666d28) 
thrown [./src/hotspot/share/interpreter/linkResolver.cpp, line 758]
Event: 0.815 Thread 0x00007f73d40168c0 Exception <a 'java/lang/ClassNotFoundException'{0x00000000aa68caf8}: javax/smartcardio/CardPermission> (0x00000000aa68caf8) 
thrown [./src/hotspot/share/classfile/systemDictionary.cpp, line 256]
Event: 0.818 Thread 0x00007f73d40168c0 Exception <a 'java/io/FileNotFoundException'{0x00000000aa69a0c8}> (0x00000000aa69a0c8) 
thrown [./src/hotspot/share/prims/jni.cpp, line 516]
Event: 0.893 Thread 0x00007f73d40168c0 Exception <a 'java/lang/ClassNotFoundException'{0x00000000aa5c5938}: sun/awt/resources/spi/awtProvider> (0x00000000aa5c5938) 
thrown [./src/hotspot/share/classfile/systemDictionary.cpp, line 256]
Event: 0.909 Thread 0x00007f73d40168c0 Exception <a 'java/io/FileNotFoundException'{0x00000000aa5d9508}> (0x00000000aa5d9508) 
thrown [./src/hotspot/share/prims/jni.cpp, line 516]
Event: 1.074 Thread 0x00007f73d40168c0 Exception <a 'java/lang/NoSuchMethodError'{0x00000000aa266858}: 'java.lang.Object java.lang.invoke.DirectMethodHandle$Holder.invokeStatic(java.lang.Object, java.lang.Object, long, java.lang.Object)'> (0x00000000aa266858) 
thrown [./src/hotspot/share/interpreter/linkResolver.cpp, line 758]
Event: 1.075 Thread 0x00007f73d40168c0 Exception <a 'java/lang/NoSuchMethodError'{0x00000000aa26a2f0}: 'java.lang.Object java.lang.invoke.DirectMethodHandle$Holder.invokeStaticInit(java.lang.Object, java.lang.Object, long, java.lang.Object)'> (0x00000000aa26a2f0) 
thrown [./src/hotspot/share/interpreter/linkResolver.cpp, line 758]
Event: 1.079 Thread 0x00007f73d40168c0 Exception <a 'java/lang/NoSuchMethodError'{0x00000000aa270900}: 'java.lang.Object java.lang.invoke.DirectMethodHandle$Holder.newInvokeSpecial(java.lang.Object, java.lang.Object, long)'> (0x00000000aa270900) 
thrown [./src/hotspot/share/interpreter/linkResolver.cpp, line 758]
Event: 1.080 Thread 0x00007f73d40168c0 Exception <a 'java/lang/NoSuchMethodError'{0x00000000aa274470}: 'java.lang.Object java.lang.invoke.Invokers$Holder.linkToTargetMethod(java.lang.Object, long, java.lang.Object)'> (0x00000000aa274470) 
thrown [./src/hotspot/share/interpreter/linkResolver.cpp, line 758]
Event: 1.084 Thread 0x00007f73d40168c0 Exception <a 'java/lang/NoSuchMethodError'{0x00000000aa27b5b8}: 'java.lang.Object java.lang.invoke.DirectMethodHandle$Holder.newInvokeSpecial(java.lang.Object, java.lang.Object, java.lang.Object, int)'> (0x00000000aa27b5b8) 
thrown [./src/hotspot/share/interpreter/linkResolver.cpp, line 758]
Event: 1.085 Thread 0x00007f73d40168c0 Exception <a 'java/lang/NoSuchMethodError'{0x00000000aa27f998}: 'java.lang.Object java.lang.invoke.DirectMethodHandle$Holder.invokeSpecial(java.lang.Object, java.lang.Object, java.lang.Object, java.lang.Object, int)'> (0x00000000aa27f998) 
thrown [./src/hotspot/share/interpreter/linkResolver.cpp, line 758]
Event: 1.086 Thread 0x00007f73d40168c0 Exception <a 'java/lang/NoSuchMethodError'{0x00000000aa283560}: 'java.lang.Object java.lang.invoke.Invokers$Holder.linkToTargetMethod(java.lang.Object, java.lang.Object, int, java.lang.Object)'> (0x00000000aa283560) 
thrown [./src/hotspot/share/interpreter/linkResolver.cpp, line 758]

VM Operations (18 events):
Event: 0.102 Executing VM operation: HandshakeAllThreads
Event: 0.102 Executing VM operation: HandshakeAllThreads done
Event: 0.213 Executing VM operation: HandshakeAllThreads
Event: 0.213 Executing VM operation: HandshakeAllThreads done
Event: 0.629 Executing VM operation: HandshakeAllThreads
Event: 0.629 Executing VM operation: HandshakeAllThreads done
Event: 0.672 Executing VM operation: HandshakeAllThreads
Event: 0.672 Executing VM operation: HandshakeAllThreads done
Event: 0.714 Executing VM operation: HandshakeAllThreads
Event: 0.715 Executing VM operation: HandshakeAllThreads done
Event: 0.744 Executing VM operation: HandshakeAllThreads
Event: 0.744 Executing VM operation: HandshakeAllThreads done
Event: 1.046 Executing VM operation: HandshakeAllThreads
Event: 1.047 Executing VM operation: HandshakeAllThreads done
Event: 1.047 Executing VM operation: Cleanup
Event: 1.047 Executing VM operation: Cleanup done
Event: 1.089 Executing VM operation: HandshakeAllThreads
Event: 1.089 Executing VM operation: HandshakeAllThreads done

Events (20 events):
Event: 1.281 loading class javax/imageio/IIOImage
Event: 1.281 loading class javax/imageio/IIOImage done
Event: 1.302 loading class java/lang/StrictMath
Event: 1.302 loading class java/lang/StrictMath done
Event: 1.303 loading class com/sun/jna/Native$Buffers
Event: 1.303 loading class com/sun/jna/Native$Buffers done
Event: 1.322 Thread 0x00007f739c000fe0 Thread added: 0x00007f739c000fe0
Event: 1.322 Protecting memory [0x00007f73a0100000,0x00007f73a0104000] with protection modes 0
Event: 1.337 loading class sun/nio/cs/ISO_8859_1$Encoder
Event: 1.337 loading class sun/nio/cs/ISO_8859_1$Encoder done
Event: 1.338 loading class sun/util/locale/provider/TimeZoneNameUtility
Event: 1.339 loading class sun/util/locale/provider/TimeZoneNameUtility done
Event: 1.339 loading class sun/util/locale/provider/TimeZoneNameUtility$TimeZoneNameGetter
Event: 1.339 loading class sun/util/locale/provider/TimeZoneNameUtility$TimeZoneNameGetter done
Event: 1.343 loading class jdk/internal/module/ModulePatcher$PatchedModuleReader
Event: 1.343 loading class jdk/internal/module/ModulePatcher$PatchedModuleReader done
Event: 1.346 loading class sun/util/cldr/CLDRTimeZoneNameProviderImpl
Event: 1.346 loading class sun/util/locale/provider/TimeZoneNameProviderImpl
Event: 1.346 loading class sun/util/locale/provider/TimeZoneNameProviderImpl done
Event: 1.346 loading class sun/util/cldr/CLDRTimeZoneNameProviderImpl done


Dynamic libraries:
a5400000-ab000000 rw-p 00000000 00:00 0 
ab000000-ffe00000 ---p 00000000 00:00 0 
ffe00000-ffe77000 rw-p 00c9f000 103:06 7898427                           /usr/lib/jvm/java-17-openjdk-amd64/lib/server/classes.jsa
ffe77000-fff00000 rw-p 00000000 00:00 0 
fff00000-fff83000 rw-p 00c1c000 103:06 7898427                           /usr/lib/jvm/java-17-openjdk-amd64/lib/server/classes.jsa
fff83000-100000000 rw-p 00000000 00:00 0 
800000000-800459000 rw-p 00001000 103:06 7898427                         /usr/lib/jvm/java-17-openjdk-amd64/lib/server/classes.jsa
800459000-800be3000 r--p 0045a000 103:06 7898427                         /usr/lib/jvm/java-17-openjdk-amd64/lib/server/classes.jsa
800be3000-800c00000 ---p 00000000 00:00 0 
800c00000-800c10000 rw-p 00000000 00:00 0 
800c10000-800c30000 rw-p 00000000 00:00 0 
800c30000-800cb0000 rw-p 00000000 00:00 0 
800cb0000-800d00000 rw-p 00000000 00:00 0 
800d00000-840c00000 ---p 00000000 00:00 0 
56309089b000-56309089c000 r--p 00000000 103:06 7898275                   /usr/lib/jvm/java-17-openjdk-amd64/bin/java
56309089c000-56309089d000 r-xp 00001000 103:06 7898275                   /usr/lib/jvm/java-17-openjdk-amd64/bin/java
56309089d000-56309089e000 r--p 00002000 103:06 7898275                   /usr/lib/jvm/java-17-openjdk-amd64/bin/java
56309089e000-56309089f000 r--p 00002000 103:06 7898275                   /usr/lib/jvm/java-17-openjdk-amd64/bin/java
56309089f000-5630908a0000 rw-p 00003000 103:06 7898275                   /usr/lib/jvm/java-17-openjdk-amd64/bin/java
5630916ba000-563091702000 rw-p 00000000 00:00 0                          [heap]
7f7360000000-7f7360033000 rw-p 00000000 00:00 0 
7f7360033000-7f7364000000 ---p 00000000 00:00 0 
7f7364000000-7f7364021000 rw-p 00000000 00:00 0 
7f7364021000-7f7368000000 ---p 00000000 00:00 0 
7f736bed3000-7f736c000000 rw-p 00000000 00:00 0 
7f736c000000-7f736c021000 rw-p 00000000 00:00 0 
7f736c021000-7f7370000000 ---p 00000000 00:00 0 
7f7370000000-7f7370021000 rw-p 00000000 00:00 0 
7f7370021000-7f7374000000 ---p 00000000 00:00 0 
7f7374000000-7f7374021000 rw-p 00000000 00:00 0 
7f7374021000-7f7378000000 ---p 00000000 00:00 0 
7f7378000000-7f7378021000 rw-p 00000000 00:00 0 
7f7378021000-7f737c000000 ---p 00000000 00:00 0 
7f737c000000-7f737c12c000 rw-p 00000000 00:00 0 
7f737c12c000-7f7380000000 ---p 00000000 00:00 0 
7f7380000000-7f7380023000 rw-p 00000000 00:00 0 
7f7380023000-7f7384000000 ---p 00000000 00:00 0 
7f7384000000-7f7384021000 rw-p 00000000 00:00 0 
7f7384021000-7f7388000000 ---p 00000000 00:00 0 
7f7388000000-7f73880e6000 rw-p 00000000 00:00 0 
7f73880e6000-7f738c000000 ---p 00000000 00:00 0 
7f738c000000-7f738c1a1000 rw-p 00000000 00:00 0 
7f738c1a1000-7f7390000000 ---p 00000000 00:00 0 
7f7390000000-7f7390021000 rw-p 00000000 00:00 0 
7f7390021000-7f7394000000 ---p 00000000 00:00 0 
7f7394000000-7f7394021000 rw-p 00000000 00:00 0 
7f7394021000-7f7398000000 ---p 00000000 00:00 0 
7f7398000000-7f7398021000 rw-p 00000000 00:00 0 
7f7398021000-7f739c000000 ---p 00000000 00:00 0 
7f739c000000-7f739c021000 rw-p 00000000 00:00 0 
7f739c021000-7f73a0000000 ---p 00000000 00:00 0 
7f73a0100000-7f73a0104000 ---p 00000000 00:00 0 
7f73a0104000-7f73a0200000 rw-p 00000000 00:00 0 
7f73a0200000-7f73a0201000 r--p 00000000 103:06 7894368                   /usr/lib/x86_64-linux-gnu/libicudata.so.70.1
7f73a0201000-7f73a0202000 r-xp 00001000 103:06 7894368                   /usr/lib/x86_64-linux-gnu/libicudata.so.70.1
7f73a0202000-7f73a1e1c000 r--p 00002000 103:06 7894368                   /usr/lib/x86_64-linux-gnu/libicudata.so.70.1
7f73a1e1c000-7f73a1e1d000 r--p 01c1b000 103:06 7894368                   /usr/lib/x86_64-linux-gnu/libicudata.so.70.1
7f73a1e1d000-7f73a1e1e000 rw-p 01c1c000 103:06 7894368                   /usr/lib/x86_64-linux-gnu/libicudata.so.70.1
7f73a1e8a000-7f73a1fb7000 rw-p 00000000 00:00 0 
7f73a1fb7000-7f73a201d000 r--p 00000000 103:06 7894388                   /usr/lib/x86_64-linux-gnu/libicuuc.so.70.1
7f73a201d000-7f73a2110000 r-xp 00066000 103:06 7894388                   /usr/lib/x86_64-linux-gnu/libicuuc.so.70.1
7f73a2110000-7f73a219c000 r--p 00159000 103:06 7894388                   /usr/lib/x86_64-linux-gnu/libicuuc.so.70.1
7f73a219c000-7f73a21af000 r--p 001e4000 103:06 7894388                   /usr/lib/x86_64-linux-gnu/libicuuc.so.70.1
7f73a21af000-7f73a21b0000 rw-p 001f7000 103:06 7894388                   /usr/lib/x86_64-linux-gnu/libicuuc.so.70.1
7f73a21b0000-7f73a21b2000 rw-p 00000000 00:00 0 
7f73a21b2000-7f73a21b4000 r--p 00000000 103:06 7895182                   /usr/lib/x86_64-linux-gnu/libwebp.so.7.1.3
7f73a21b4000-7f73a2209000 r-xp 00002000 103:06 7895182                   /usr/lib/x86_64-linux-gnu/libwebp.so.7.1.3
7f73a2209000-7f73a221a000 r--p 00057000 103:06 7895182                   /usr/lib/x86_64-linux-gnu/libwebp.so.7.1.3
7f73a221a000-7f73a221b000 r--p 00067000 103:06 7895182                   /usr/lib/x86_64-linux-gnu/libwebp.so.7.1.3
7f73a221b000-7f73a221c000 rw-p 00068000 103:06 7895182                   /usr/lib/x86_64-linux-gnu/libwebp.so.7.1.3
7f73a221c000-7f73a221e000 rw-p 00000000 00:00 0 
7f73a221e000-7f73a224d000 r--p 00000000 103:06 7895268                   /usr/lib/x86_64-linux-gnu/libxml2.so.2.9.13
7f73a224d000-7f73a23a0000 r-xp 0002f000 103:06 7895268                   /usr/lib/x86_64-linux-gnu/libxml2.so.2.9.13
7f73a23a0000-7f73a23f4000 r--p 00182000 103:06 7895268                   /usr/lib/x86_64-linux-gnu/libxml2.so.2.9.13
7f73a23f4000-7f73a23f5000 ---p 001d6000 103:06 7895268                   /usr/lib/x86_64-linux-gnu/libxml2.so.2.9.13
7f73a23f5000-7f73a23fe000 r--p 001d6000 103:06 7895268                   /usr/lib/x86_64-linux-gnu/libxml2.so.2.9.13
7f73a23fe000-7f73a23ff000 rw-p 001df000 103:06 7895268                   /usr/lib/x86_64-linux-gnu/libxml2.so.2.9.13
7f73a23ff000-7f73a2400000 rw-p 00000000 00:00 0 
7f73a2400000-7f73a2428000 r--p 00000000 103:06 7865323                   /usr/lib/x86_64-linux-gnu/liblept.so.5.0.4
7f73a2428000-7f73a2606000 r-xp 00028000 103:06 7865323                   /usr/lib/x86_64-linux-gnu/liblept.so.5.0.4
7f73a2606000-7f73a26a4000 r--p 00206000 103:06 7865323                   /usr/lib/x86_64-linux-gnu/liblept.so.5.0.4
7f73a26a4000-7f73a26a5000 r--p 002a4000 103:06 7865323                   /usr/lib/x86_64-linux-gnu/liblept.so.5.0.4
7f73a26a5000-7f73a26ab000 rw-p 002a5000 103:06 7865323                   /usr/lib/x86_64-linux-gnu/liblept.so.5.0.4
7f73a26d5000-7f73a26d6000 r--p 00000000 103:06 7893860                   /usr/lib/x86_64-linux-gnu/libdeflate.so.0
7f73a26d6000-7f73a26f2000 r-xp 00001000 103:06 7893860                   /usr/lib/x86_64-linux-gnu/libdeflate.so.0
7f73a26f2000-7f73a26f6000 r--p 0001d000 103:06 7893860                   /usr/lib/x86_64-linux-gnu/libdeflate.so.0
7f73a26f6000-7f73a26f7000 ---p 00021000 103:06 7893860                   /usr/lib/x86_64-linux-gnu/libdeflate.so.0
7f73a26f7000-7f73a26f8000 r--p 00021000 103:06 7893860                   /usr/lib/x86_64-linux-gnu/libdeflate.so.0
7f73a26f8000-7f73a26f9000 rw-p 00022000 103:06 7893860                   /usr/lib/x86_64-linux-gnu/libdeflate.so.0
7f73a26f9000-7f73a2701000 r--p 00000000 103:06 7895031                   /usr/lib/x86_64-linux-gnu/libtiff.so.5.7.0
7f73a2701000-7f73a2749000 r-xp 00008000 103:06 7895031                   /usr/lib/x86_64-linux-gnu/libtiff.so.5.7.0
7f73a2749000-7f73a2779000 r--p 00050000 103:06 7895031                   /usr/lib/x86_64-linux-gnu/libtiff.so.5.7.0
7f73a2779000-7f73a277e000 r--p 0007f000 103:06 7895031                   /usr/lib/x86_64-linux-gnu/libtiff.so.5.7.0
7f73a277e000-7f73a277f000 rw-p 00084000 103:06 7895031                   /usr/lib/x86_64-linux-gnu/libtiff.so.5.7.0
7f73a277f000-7f73a2783000 r--p 00000000 103:06 7894438                   /usr/lib/x86_64-linux-gnu/libjpeg.so.8.2.2
7f73a2783000-7f73a27cc000 r-xp 00004000 103:06 7894438                   /usr/lib/x86_64-linux-gnu/libjpeg.so.8.2.2
7f73a27cc000-7f73a27fe000 r--p 0004d000 103:06 7894438                   /usr/lib/x86_64-linux-gnu/libjpeg.so.8.2.2
7f73a27fe000-7f73a27ff000 r--p 0007e000 103:06 7894438                   /usr/lib/x86_64-linux-gnu/libjpeg.so.8.2.2
7f73a27ff000-7f73a2800000 rw-p 0007f000 103:06 7894438                   /usr/lib/x86_64-linux-gnu/libjpeg.so.8.2.2
7f73a2800000-7f73a2865000 r--p 00000000 103:06 7869688                   /usr/lib/x86_64-linux-gnu/libtesseract.so.4.0.1
7f73a2865000-7f73a2a4e000 r-xp 00065000 103:06 7869688                   /usr/lib/x86_64-linux-gnu/libtesseract.so.4.0.1
7f73a2a4e000-7f73a2b01000 r--p 0024e000 103:06 7869688                   /usr/lib/x86_64-linux-gnu/libtesseract.so.4.0.1
7f73a2b01000-7f73a2b06000 r--p 00300000 103:06 7869688                   /usr/lib/x86_64-linux-gnu/libtesseract.so.4.0.1
7f73a2b06000-7f73a2b07000 rw-p 00305000 103:06 7869688                   /usr/lib/x86_64-linux-gnu/libtesseract.so.4.0.1
7f73a2b07000-7f73a2b0a000 rw-p 00000000 00:00 0 
7f73a2b20000-7f73a2b22000 r--p 00000000 103:06 7894432                   /usr/lib/x86_64-linux-gnu/libjbig.so.0
7f73a2b22000-7f73a2b2b000 r-xp 00002000 103:06 7894432                   /usr/lib/x86_64-linux-gnu/libjbig.so.0
7f73a2b2b000-7f73a2b2d000 r--p 0000b000 103:06 7894432                   /usr/lib/x86_64-linux-gnu/libjbig.so.0
7f73a2b2d000-7f73a2b2e000 r--p 0000c000 103:06 7894432                   /usr/lib/x86_64-linux-gnu/libjbig.so.0
7f73a2b2e000-7f73a2b31000 rw-p 0000d000 103:06 7894432                   /usr/lib/x86_64-linux-gnu/libjbig.so.0
7f73a2b31000-7f73a2b3b000 r--p 00000000 103:06 7895300                   /usr/lib/x86_64-linux-gnu/libzstd.so.1.4.8
7f73a2b3b000-7f73a2bed000 r-xp 0000a000 103:06 7895300                   /usr/lib/x86_64-linux-gnu/libzstd.so.1.4.8
7f73a2bed000-7f73a2bfe000 r--p 000bc000 103:06 7895300                   /usr/lib/x86_64-linux-gnu/libzstd.so.1.4.8
7f73a2bfe000-7f73a2bff000 r--p 000cc000 103:06 7895300                   /usr/lib/x86_64-linux-gnu/libzstd.so.1.4.8
7f73a2bff000-7f73a2c00000 rw-p 000cd000 103:06 7895300                   /usr/lib/x86_64-linux-gnu/libzstd.so.1.4.8
7f73a2c00000-7f73a2c18000 r-xp 00000000 103:06 7408286                   /home/tanishka/.cache/JNA/temp/jna18028150049477930127.tmp (deleted)
7f73a2c18000-7f73a2e18000 ---p 00018000 103:06 7408286                   /home/tanishka/.cache/JNA/temp/jna18028150049477930127.tmp (deleted)
7f73a2e18000-7f73a2e19000 rw-p 00018000 103:06 7408286                   /home/tanishka/.cache/JNA/temp/jna18028150049477930127.tmp (deleted)
7f73a2e27000-7f73a2e2a000 r--p 00000000 103:06 7894658                   /usr/lib/x86_64-linux-gnu/libopenjp2.so.2.4.0
7f73a2e2a000-7f73a2e6d000 r-xp 00003000 103:06 7894658                   /usr/lib/x86_64-linux-gnu/libopenjp2.so.2.4.0
7f73a2e6d000-7f73a2e7c000 r--p 00046000 103:06 7894658                   /usr/lib/x86_64-linux-gnu/libopenjp2.so.2.4.0
7f73a2e7c000-7f73a2e7d000 ---p 00055000 103:06 7894658                   /usr/lib/x86_64-linux-gnu/libopenjp2.so.2.4.0
7f73a2e7d000-7f73a2e7e000 r--p 00055000 103:06 7894658                   /usr/lib/x86_64-linux-gnu/libopenjp2.so.2.4.0
7f73a2e7e000-7f73a2e7f000 rw-p 00056000 103:06 7894658                   /usr/lib/x86_64-linux-gnu/libopenjp2.so.2.4.0
7f73a2e7f000-7f73a2e84000 r--p 00000000 103:06 7894812                   /usr/lib/x86_64-linux-gnu/libpng16.so.16.37.0
7f73a2e84000-7f73a2ead000 r-xp 00005000 103:06 7894812                   /usr/lib/x86_64-linux-gnu/libpng16.so.16.37.0
7f73a2ead000-7f73a2eb8000 r--p 0002e000 103:06 7894812                   /usr/lib/x86_64-linux-gnu/libpng16.so.16.37.0
7f73a2eb8000-7f73a2eb9000 r--p 00038000 103:06 7894812                   /usr/lib/x86_64-linux-gnu/libpng16.so.16.37.0
7f73a2eb9000-7f73a2eba000 rw-p 00039000 103:06 7894812                   /usr/lib/x86_64-linux-gnu/libpng16.so.16.37.0
7f73a2eba000-7f73a2ec4000 r--p 00000000 103:06 7894595                   /usr/lib/x86_64-linux-gnu/libnettle.so.8.4
7f73a2ec4000-7f73a2ee7000 r-xp 0000a000 103:06 7894595                   /usr/lib/x86_64-linux-gnu/libnettle.so.8.4
7f73a2ee7000-7f73a2efd000 r--p 0002d000 103:06 7894595                   /usr/lib/x86_64-linux-gnu/libnettle.so.8.4
7f73a2efd000-7f73a2eff000 r--p 00042000 103:06 7894595                   /usr/lib/x86_64-linux-gnu/libnettle.so.8.4
7f73a2eff000-7f73a2f00000 rw-p 00044000 103:06 7894595                   /usr/lib/x86_64-linux-gnu/libnettle.so.8.4
7f73a2f00000-7f73a2f04000 ---p 00000000 00:00 0 
7f73a2f04000-7f73a3000000 rw-p 00000000 00:00 0 
7f73a3000000-7f73a3f06000 r--p 00000000 103:06 7877789                   /usr/lib/locale/locale-archive
7f73a3f0b000-7f73a3f0e000 r--p 00000000 103:06 7894489                   /usr/lib/x86_64-linux-gnu/liblzma.so.5.2.5
7f73a3f0e000-7f73a3f29000 r-xp 00003000 103:06 7894489                   /usr/lib/x86_64-linux-gnu/liblzma.so.5.2.5
7f73a3f29000-7f73a3f34000 r--p 0001e000 103:06 7894489                   /usr/lib/x86_64-linux-gnu/liblzma.so.5.2.5
7f73a3f34000-7f73a3f35000 r--p 00028000 103:06 7894489                   /usr/lib/x86_64-linux-gnu/liblzma.so.5.2.5
7f73a3f35000-7f73a3f36000 rw-p 00029000 103:06 7894489                   /usr/lib/x86_64-linux-gnu/liblzma.so.5.2.5
7f73a3f36000-7f73a3f48000 r--p 00000000 103:06 7893611                   /usr/lib/x86_64-linux-gnu/libarchive.so.13.6.0
7f73a3f48000-7f73a3fd2000 r-xp 00012000 103:06 7893611                   /usr/lib/x86_64-linux-gnu/libarchive.so.13.6.0
7f73a3fd2000-7f73a3ffb000 r--p 0009c000 103:06 7893611                   /usr/lib/x86_64-linux-gnu/libarchive.so.13.6.0
7f73a3ffb000-7f73a3fff000 r--p 000c4000 103:06 7893611                   /usr/lib/x86_64-linux-gnu/libarchive.so.13.6.0
7f73a3fff000-7f73a4000000 rw-p 000c8000 103:06 7893611                   /usr/lib/x86_64-linux-gnu/libarchive.so.13.6.0
7f73a4000000-7f73a4021000 rw-p 00000000 00:00 0 
7f73a4021000-7f73a8000000 ---p 00000000 00:00 0 
7f73a8000000-7f73a8021000 rw-p 00000000 00:00 0 
7f73a8021000-7f73ac000000 ---p 00000000 00:00 0 
7f73ac000000-7f73ac021000 rw-p 00000000 00:00 0 
7f73ac021000-7f73b0000000 ---p 00000000 00:00 0 
7f73b0000000-7f73b0021000 rw-p 00000000 00:00 0 
7f73b0021000-7f73b4000000 ---p 00000000 00:00 0 
7f73b4000000-7f73b4021000 rw-p 00000000 00:00 0 
7f73b4021000-7f73b8000000 ---p 00000000 00:00 0 
7f73b8007000-7f73b8009000 r--p 00000000 103:06 7895186                   /usr/lib/x86_64-linux-gnu/libwebpmux.so.3.0.8
7f73b8009000-7f73b8010000 r-xp 00002000 103:06 7895186                   /usr/lib/x86_64-linux-gnu/libwebpmux.so.3.0.8
7f73b8010000-7f73b8012000 r--p 00009000 103:06 7895186                   /usr/lib/x86_64-linux-gnu/libwebpmux.so.3.0.8
7f73b8012000-7f73b8013000 r--p 0000a000 103:06 7895186                   /usr/lib/x86_64-linux-gnu/libwebpmux.so.3.0.8
7f73b8013000-7f73b8014000 rw-p 0000b000 103:06 7895186                   /usr/lib/x86_64-linux-gnu/libwebpmux.so.3.0.8
7f73b8014000-7f73b8016000 r--p 00000000 103:06 7893715                   /usr/lib/x86_64-linux-gnu/libbz2.so.1.0.4
7f73b8016000-7f73b8023000 r-xp 00002000 103:06 7893715                   /usr/lib/x86_64-linux-gnu/libbz2.so.1.0.4
7f73b8023000-7f73b8025000 r--p 0000f000 103:06 7893715                   /usr/lib/x86_64-linux-gnu/libbz2.so.1.0.4
7f73b8025000-7f73b8026000 r--p 00010000 103:06 7893715                   /usr/lib/x86_64-linux-gnu/libbz2.so.1.0.4
7f73b8026000-7f73b8027000 rw-p 00011000 103:06 7893715                   /usr/lib/x86_64-linux-gnu/libbz2.so.1.0.4
7f73b8027000-7f73b8031000 r--p 00000000 103:06 7894147                   /usr/lib/x86_64-linux-gnu/libgomp.so.1.0.0
7f73b8031000-7f73b8062000 r-xp 0000a000 103:06 7894147                   /usr/lib/x86_64-linux-gnu/libgomp.so.1.0.0
7f73b8062000-7f73b806f000 r--p 0003b000 103:06 7894147                   /usr/lib/x86_64-linux-gnu/libgomp.so.1.0.0
7f73b806f000-7f73b8070000 r--p 00047000 103:06 7894147                   /usr/lib/x86_64-linux-gnu/libgomp.so.1.0.0
7f73b8070000-7f73b8071000 rw-p 00048000 103:06 7894147                   /usr/lib/x86_64-linux-gnu/libgomp.so.1.0.0
7f73b8071000-7f73b808a000 r--p 00000000 103:06 7893407                   /usr/lib/x86_64-linux-gnu/libX11.so.6.4.0
7f73b808a000-7f73b8116000 r-xp 00019000 103:06 7893407                   /usr/lib/x86_64-linux-gnu/libX11.so.6.4.0
7f73b8116000-7f73b81ab000 r--p 000a5000 103:06 7893407                   /usr/lib/x86_64-linux-gnu/libX11.so.6.4.0
7f73b81ab000-7f73b81ac000 ---p 0013a000 103:06 7893407                   /usr/lib/x86_64-linux-gnu/libX11.so.6.4.0
7f73b81ac000-7f73b81ad000 r--p 0013a000 103:06 7893407                   /usr/lib/x86_64-linux-gnu/libX11.so.6.4.0
7f73b81ad000-7f73b81b1000 rw-p 0013b000 103:06 7893407                   /usr/lib/x86_64-linux-gnu/libX11.so.6.4.0
7f73b81b1000-7f73b81bf000 r--p 00000000 103:06 7898537                   /usr/lib/jvm/java-17-openjdk-amd64/lib/libawt_xawt.so
7f73b81bf000-7f73b81fd000 r-xp 0000e000 103:06 7898537                   /usr/lib/jvm/java-17-openjdk-amd64/lib/libawt_xawt.so
7f73b81fd000-7f73b820e000 r--p 0004c000 103:06 7898537                   /usr/lib/jvm/java-17-openjdk-amd64/lib/libawt_xawt.so
7f73b820e000-7f73b820f000 r--p 0005c000 103:06 7898537                   /usr/lib/jvm/java-17-openjdk-amd64/lib/libawt_xawt.so
7f73b820f000-7f73b8211000 rw-p 0005d000 103:06 7898537                   /usr/lib/jvm/java-17-openjdk-amd64/lib/libawt_xawt.so
7f73b8211000-7f73b8213000 rw-p 00000000 00:00 0 
7f73b8213000-7f73b823d000 r--p 00000000 103:06 7898392                   /usr/lib/jvm/java-17-openjdk-amd64/lib/libawt.so
7f73b823d000-7f73b82c0000 r-xp 0002a000 103:06 7898392                   /usr/lib/jvm/java-17-openjdk-amd64/lib/libawt.so
7f73b82c0000-7f73b82cd000 r--p 000ad000 103:06 7898392                   /usr/lib/jvm/java-17-openjdk-amd64/lib/libawt.so
7f73b82cd000-7f73b82ce000 r--p 000b9000 103:06 7898392                   /usr/lib/jvm/java-17-openjdk-amd64/lib/libawt.so
7f73b82ce000-7f73b82d9000 rw-p 000ba000 103:06 7898392                   /usr/lib/jvm/java-17-openjdk-amd64/lib/libawt.so
7f73b82d9000-7f73b82fe000 rw-p 00000000 00:00 0 
7f73b82fe000-7f73b82ff000 ---p 00000000 00:00 0 
7f73b82ff000-7f73b8400000 rw-p 00000000 00:00 0 
7f73b8400000-7f73b8404000 ---p 00000000 00:00 0 
7f73b8404000-7f73b8500000 rw-p 00000000 00:00 0 
7f73b8500000-7f73b8504000 ---p 00000000 00:00 0 
7f73b8504000-7f73b8600000 rw-p 00000000 00:00 0 
7f73b8600000-7f73b8604000 ---p 00000000 00:00 0 
7f73b8604000-7f73b8700000 rw-p 00000000 00:00 0 
7f73b8700000-7f73b8704000 ---p 00000000 00:00 0 
7f73b8704000-7f73b8800000 rw-p 00000000 00:00 0 
7f73b8800000-7f73b8804000 ---p 00000000 00:00 0 
7f73b8804000-7f73b8900000 rw-p 00000000 00:00 0 
7f73b8900000-7f73b8904000 ---p 00000000 00:00 0 
7f73b8904000-7f73b8a00000 rw-p 00000000 00:00 0 
7f73b8a00000-7f73b8a04000 ---p 00000000 00:00 0 
7f73b8a04000-7f73b8b00000 rw-p 00000000 00:00 0 
7f73b8b00000-7f73b8b04000 ---p 00000000 00:00 0 
7f73b8b04000-7f73b8c00000 rw-p 00000000 00:00 0 
7f73b8c00000-7f73b8c04000 ---p 00000000 00:00 0 
7f73b8c04000-7f73b8d00000 rw-p 00000000 00:00 0 
7f73b8d00000-7f73b8d04000 ---p 00000000 00:00 0 
7f73b8d04000-7f73b8e00000 rw-p 00000000 00:00 0 
7f73b8e00000-7f73b8e04000 ---p 00000000 00:00 0 
7f73b8e04000-7f73b8f00000 rw-p 00000000 00:00 0 
7f73b8f00000-7f73b8f04000 ---p 00000000 00:00 0 
7f73b8f04000-7f73b93f0000 rw-p 00000000 00:00 0 
7f73b93f0000-7f73b94f0000 rw-p 00000000 00:00 0 
7f73b94f0000-7f73b95f0000 rw-p 00000000 00:00 0 
7f73b95f0000-7f73b9660000 rw-p 00000000 00:00 0 
7f73b9660000-7f73b9700000 ---p 00000000 00:00 0 
7f73b9700000-7f73b97a0000 rw-p 00000000 00:00 0 
7f73b97a0000-7f73b9800000 ---p 00000000 00:00 0 
7f73b9806000-7f73b9808000 r--p 00000000 103:06 7894487                   /usr/lib/x86_64-linux-gnu/liblz4.so.1.9.3
7f73b9808000-7f73b9821000 r-xp 00002000 103:06 7894487                   /usr/lib/x86_64-linux-gnu/liblz4.so.1.9.3
7f73b9821000-7f73b9823000 r--p 0001b000 103:06 7894487                   /usr/lib/x86_64-linux-gnu/liblz4.so.1.9.3
7f73b9823000-7f73b9824000 ---p 0001d000 103:06 7894487                   /usr/lib/x86_64-linux-gnu/liblz4.so.1.9.3
7f73b9824000-7f73b9825000 r--p 0001d000 103:06 7894487                   /usr/lib/x86_64-linux-gnu/liblz4.so.1.9.3
7f73b9825000-7f73b9826000 rw-p 0001e000 103:06 7894487                   /usr/lib/x86_64-linux-gnu/liblz4.so.1.9.3
7f73b9826000-7f73b982a000 ---p 00000000 00:00 0 
7f73b982a000-7f73b9926000 rw-p 00000000 00:00 0 
7f73b9926000-7f73b9927000 ---p 00000000 00:00 0 
7f73b9927000-7f73b9a28000 rw-p 00000000 00:00 0 
7f73b9a28000-7f73b9a2d000 r--p 00000000 103:06 7898409                   /usr/lib/jvm/java-17-openjdk-amd64/lib/libjsvml.so
7f73b9a2d000-7f73b9a6e000 r-xp 00005000 103:06 7898409                   /usr/lib/jvm/java-17-openjdk-amd64/lib/libjsvml.so
7f73b9a6e000-7f73b9af7000 r--p 00046000 103:06 7898409                   /usr/lib/jvm/java-17-openjdk-amd64/lib/libjsvml.so
7f73b9af7000-7f73b9af8000 r--p 000ce000 103:06 7898409                   /usr/lib/jvm/java-17-openjdk-amd64/lib/libjsvml.so
7f73b9af8000-7f73b9af9000 rw-p 000cf000 103:06 7898409                   /usr/lib/jvm/java-17-openjdk-amd64/lib/libjsvml.so
7f73b9af9000-7f73b9afa000 ---p 00000000 00:00 0 
7f73b9afa000-7f73b9bfb000 rw-p 00000000 00:00 0 
7f73b9bfb000-7f73b9bfc000 ---p 00000000 00:00 0 
7f73b9bfc000-7f73bc000000 rw-p 00000000 00:00 0 
7f73bc000000-7f73bc021000 rw-p 00000000 00:00 0 
7f73bc021000-7f73c0000000 ---p 00000000 00:00 0 
7f73c0000000-7f73c0021000 rw-p 00000000 00:00 0 
7f73c0021000-7f73c4000000 ---p 00000000 00:00 0 
7f73c4000000-7f73c4021000 rw-p 00000000 00:00 0 
7f73c4021000-7f73c8000000 ---p 00000000 00:00 0 
7f73c8004000-7f73c8006000 r--p 00000000 103:06 7894089                   /usr/lib/x86_64-linux-gnu/libgif.so.7.1.0
7f73c8006000-7f73c800b000 r-xp 00002000 103:06 7894089                   /usr/lib/x86_64-linux-gnu/libgif.so.7.1.0
7f73c800b000-7f73c800d000 r--p 00007000 103:06 7894089                   /usr/lib/x86_64-linux-gnu/libgif.so.7.1.0
7f73c800d000-7f73c800e000 r--p 00008000 103:06 7894089                   /usr/lib/x86_64-linux-gnu/libgif.so.7.1.0
7f73c800e000-7f73c800f000 rw-p 00009000 103:06 7894089                   /usr/lib/x86_64-linux-gnu/libgif.so.7.1.0
7f73c800f000-7f73c8514000 rw-p 00000000 00:00 0 
7f73c8514000-7f73c8515000 ---p 00000000 00:00 0 
7f73c8515000-7f73c8616000 rw-p 00000000 00:00 0 
7f73c8616000-7f73c8617000 ---p 00000000 00:00 0 
7f73c8617000-7f73c8718000 rw-p 00000000 00:00 0 
7f73c8718000-7f73c8719000 ---p 00000000 00:00 0 
7f73c8719000-7f73c898a000 rw-p 00000000 00:00 0 
7f73c898a000-7f73c9ec2000 ---p 00000000 00:00 0 
7f73c9ec2000-7f73ca03a000 rw-p 00000000 00:00 0 
7f73ca03a000-7f73cb572000 ---p 00000000 00:00 0 
7f73cb572000-7f73cb5a8000 rw-p 00000000 00:00 0 
7f73cb5a8000-7f73cb84f000 ---p 00000000 00:00 0 
7f73cb84f000-7f73cb87e000 rw-p 00000000 00:00 0 
7f73cb87e000-7f73cbb25000 ---p 00000000 00:00 0 
7f73cbb25000-7f73cbb54000 rw-p 00000000 00:00 0 
7f73cbb54000-7f73cbdfb000 ---p 00000000 00:00 0 
7f73cbdfb000-7f73cc200000 rw-p 00000000 00:00 0 
7f73cc200000-7f73d3f27000 r--s 00000000 103:06 7898424                   /usr/lib/jvm/java-17-openjdk-amd64/lib/modules
7f73d3f2e000-7f73d3f30000 r--p 00000000 103:06 7893588                   /usr/lib/x86_64-linux-gnu/libacl.so.1.1.2301
7f73d3f30000-7f73d3f34000 r-xp 00002000 103:06 7893588                   /usr/lib/x86_64-linux-gnu/libacl.so.1.1.2301
7f73d3f34000-7f73d3f35000 r--p 00006000 103:06 7893588                   /usr/lib/x86_64-linux-gnu/libacl.so.1.1.2301
7f73d3f35000-7f73d3f36000 ---p 00007000 103:06 7893588                   /usr/lib/x86_64-linux-gnu/libacl.so.1.1.2301
7f73d3f36000-7f73d3f37000 r--p 00007000 103:06 7893588                   /usr/lib/x86_64-linux-gnu/libacl.so.1.1.2301
7f73d3f37000-7f73d3f38000 rw-p 00008000 103:06 7893588                   /usr/lib/x86_64-linux-gnu/libacl.so.1.1.2301
7f73d3f38000-7f73d3f3c000 ---p 00000000 00:00 0 
7f73d3f3c000-7f73d3f5a000 rw-p 00000000 00:00 0 
7f73d3f5a000-7f73d3f5c000 r--p 00000000 103:06 7894509                   /usr/lib/x86_64-linux-gnu/libmd.so.0.0.5
7f73d3f5c000-7f73d3f63000 r-xp 00002000 103:06 7894509                   /usr/lib/x86_64-linux-gnu/libmd.so.0.0.5
7f73d3f63000-7f73d3f65000 r--p 00009000 103:06 7894509                   /usr/lib/x86_64-linux-gnu/libmd.so.0.0.5
7f73d3f65000-7f73d3f66000 r--p 0000a000 103:06 7894509                   /usr/lib/x86_64-linux-gnu/libmd.so.0.0.5
7f73d3f66000-7f73d3f67000 rw-p 0000b000 103:06 7894509                   /usr/lib/x86_64-linux-gnu/libmd.so.0.0.5
7f73d3f67000-7f73d3f6b000 r--p 00000000 103:06 7893710                   /usr/lib/x86_64-linux-gnu/libbsd.so.0.11.5
7f73d3f6b000-7f73d3f78000 r-xp 00004000 103:06 7893710                   /usr/lib/x86_64-linux-gnu/libbsd.so.0.11.5
7f73d3f78000-7f73d3f7b000 r--p 00011000 103:06 7893710                   /usr/lib/x86_64-linux-gnu/libbsd.so.0.11.5
7f73d3f7b000-7f73d3f7c000 ---p 00014000 103:06 7893710                   /usr/lib/x86_64-linux-gnu/libbsd.so.0.11.5
7f73d3f7c000-7f73d3f7d000 r--p 00014000 103:06 7893710                   /usr/lib/x86_64-linux-gnu/libbsd.so.0.11.5
7f73d3f7d000-7f73d3f7e000 rw-p 00015000 103:06 7893710                   /usr/lib/x86_64-linux-gnu/libbsd.so.0.11.5
7f73d3f7e000-7f73d4000000 rw-p 00000000 00:00 0 
7f73d4000000-7f73d461b000 rw-p 00000000 00:00 0 
7f73d461b000-7f73d8000000 ---p 00000000 00:00 0 
7f73d8007000-7f73d8009000 r--p 00000000 103:06 7893422                   /usr/lib/x86_64-linux-gnu/libXdmcp.so.6.0.0
7f73d8009000-7f73d800b000 r-xp 00002000 103:06 7893422                   /usr/lib/x86_64-linux-gnu/libXdmcp.so.6.0.0
7f73d800b000-7f73d800d000 r--p 00004000 103:06 7893422                   /usr/lib/x86_64-linux-gnu/libXdmcp.so.6.0.0
7f73d800d000-7f73d800e000 r--p 00005000 103:06 7893422                   /usr/lib/x86_64-linux-gnu/libXdmcp.so.6.0.0
7f73d800e000-7f73d800f000 rw-p 00006000 103:06 7893422                   /usr/lib/x86_64-linux-gnu/libXdmcp.so.6.0.0
7f73d800f000-7f73d8010000 r--p 00000000 103:06 7893411                   /usr/lib/x86_64-linux-gnu/libXau.so.6.0.0
7f73d8010000-7f73d8012000 r-xp 00001000 103:06 7893411                   /usr/lib/x86_64-linux-gnu/libXau.so.6.0.0
7f73d8012000-7f73d8013000 r--p 00003000 103:06 7893411                   /usr/lib/x86_64-linux-gnu/libXau.so.6.0.0
7f73d8013000-7f73d8014000 r--p 00003000 103:06 7893411                   /usr/lib/x86_64-linux-gnu/libXau.so.6.0.0
7f73d8014000-7f73d8015000 rw-p 00004000 103:06 7893411                   /usr/lib/x86_64-linux-gnu/libXau.so.6.0.0
7f73d8015000-7f73d8020000 r--p 00000000 103:06 7895251                   /usr/lib/x86_64-linux-gnu/libxcb.so.1.1.0
7f73d8020000-7f73d8034000 r-xp 0000b000 103:06 7895251                   /usr/lib/x86_64-linux-gnu/libxcb.so.1.1.0
7f73d8034000-7f73d803d000 r--p 0001f000 103:06 7895251                   /usr/lib/x86_64-linux-gnu/libxcb.so.1.1.0
7f73d803d000-7f73d803e000 r--p 00027000 103:06 7895251                   /usr/lib/x86_64-linux-gnu/libxcb.so.1.1.0
7f73d803e000-7f73d803f000 rw-p 00028000 103:06 7895251                   /usr/lib/x86_64-linux-gnu/libxcb.so.1.1.0
7f73d803f000-7f73d8042000 r--p 00000000 103:06 7893432                   /usr/lib/x86_64-linux-gnu/libXi.so.6.1.0
7f73d8042000-7f73d804e000 r-xp 00003000 103:06 7893432                   /usr/lib/x86_64-linux-gnu/libXi.so.6.1.0
7f73d804e000-7f73d8051000 r--p 0000f000 103:06 7893432                   /usr/lib/x86_64-linux-gnu/libXi.so.6.1.0
7f73d8051000-7f73d8052000 r--p 00011000 103:06 7893432                   /usr/lib/x86_64-linux-gnu/libXi.so.6.1.0
7f73d8052000-7f73d8053000 rw-p 00012000 103:06 7893432                   /usr/lib/x86_64-linux-gnu/libXi.so.6.1.0
7f73d8053000-7f73d8055000 r--p 00000000 103:06 7893444                   /usr/lib/x86_64-linux-gnu/libXrender.so.1.3.0
7f73d8055000-7f73d805c000 r-xp 00002000 103:06 7893444                   /usr/lib/x86_64-linux-gnu/libXrender.so.1.3.0
7f73d805c000-7f73d805e000 r--p 00009000 103:06 7893444                   /usr/lib/x86_64-linux-gnu/libXrender.so.1.3.0
7f73d805e000-7f73d805f000 r--p 0000a000 103:06 7893444                   /usr/lib/x86_64-linux-gnu/libXrender.so.1.3.0
7f73d805f000-7f73d8060000 rw-p 0000b000 103:06 7893444                   /usr/lib/x86_64-linux-gnu/libXrender.so.1.3.0
7f73d8060000-7f73d8500000 rw-p 00000000 00:00 0 
7f73d8500000-7f73d88e0000 rwxp 00000000 00:00 0 
7f73d88e0000-7f73db500000 ---p 00000000 00:00 0 
7f73db500000-7f73db504000 ---p 00000000 00:00 0 
7f73db504000-7f73db600000 rw-p 00000000 00:00 0 
7f73db600000-7f73db69a000 r--p 00000000 103:06 7894991                   /usr/lib/x86_64-linux-gnu/libstdc++.so.6.0.30
7f73db69a000-7f73db7aa000 r-xp 0009a000 103:06 7894991                   /usr/lib/x86_64-linux-gnu/libstdc++.so.6.0.30
7f73db7aa000-7f73db819000 r--p 001aa000 103:06 7894991                   /usr/lib/x86_64-linux-gnu/libstdc++.so.6.0.30
7f73db819000-7f73db824000 r--p 00218000 103:06 7894991                   /usr/lib/x86_64-linux-gnu/libstdc++.so.6.0.30
7f73db824000-7f73db827000 rw-p 00223000 103:06 7894991                   /usr/lib/x86_64-linux-gnu/libstdc++.so.6.0.30
7f73db827000-7f73db82a000 rw-p 00000000 00:00 0 
7f73db82e000-7f73db830000 r--p 00000000 103:06 7893450                   /usr/lib/x86_64-linux-gnu/libXtst.so.6.1.0
7f73db830000-7f73db833000 r-xp 00002000 103:06 7893450                   /usr/lib/x86_64-linux-gnu/libXtst.so.6.1.0
7f73db833000-7f73db834000 r--p 00005000 103:06 7893450                   /usr/lib/x86_64-linux-gnu/libXtst.so.6.1.0
7f73db834000-7f73db835000 r--p 00005000 103:06 7893450                   /usr/lib/x86_64-linux-gnu/libXtst.so.6.1.0
7f73db835000-7f73db836000 rw-p 00006000 103:06 7893450                   /usr/lib/x86_64-linux-gnu/libXtst.so.6.1.0
7f73db836000-7f73db83a000 r--p 00000000 103:06 7893424                   /usr/lib/x86_64-linux-gnu/libXext.so.6.4.0
7f73db83a000-7f73db845000 r-xp 00004000 103:06 7893424                   /usr/lib/x86_64-linux-gnu/libXext.so.6.4.0
7f73db845000-7f73db849000 r--p 0000f000 103:06 7893424                   /usr/lib/x86_64-linux-gnu/libXext.so.6.4.0
7f73db849000-7f73db84a000 r--p 00012000 103:06 7893424                   /usr/lib/x86_64-linux-gnu/libXext.so.6.4.0
7f73db84a000-7f73db84b000 rw-p 00013000 103:06 7893424                   /usr/lib/x86_64-linux-gnu/libXext.so.6.4.0
7f73db854000-7f73db85b000 r--s 00000000 103:06 7892676                   /usr/lib/x86_64-linux-gnu/gconv/gconv-modules.cache
7f73db85b000-7f73db8c1000 rw-p 00000000 00:00 0 
7f73db8c1000-7f73db919000 ---p 00000000 00:00 0 
7f73db919000-7f73db927000 r--p 00000000 103:06 7894495                   /usr/lib/x86_64-linux-gnu/libm.so.6
7f73db927000-7f73db9a3000 r-xp 0000e000 103:06 7894495                   /usr/lib/x86_64-linux-gnu/libm.so.6
7f73db9a3000-7f73db9fe000 r--p 0008a000 103:06 7894495                   /usr/lib/x86_64-linux-gnu/libm.so.6
7f73db9fe000-7f73db9ff000 r--p 000e4000 103:06 7894495                   /usr/lib/x86_64-linux-gnu/libm.so.6
7f73db9ff000-7f73dba00000 rw-p 000e5000 103:06 7894495                   /usr/lib/x86_64-linux-gnu/libm.so.6
7f73dba00000-7f73dbc50000 r--p 00000000 103:06 7898430                   /usr/lib/jvm/java-17-openjdk-amd64/lib/server/libjvm.so
7f73dbc50000-7f73dc9d1000 r-xp 00250000 103:06 7898430                   /usr/lib/jvm/java-17-openjdk-amd64/lib/server/libjvm.so
7f73dc9d1000-7f73dcc53000 r--p 00fd1000 103:06 7898430                   /usr/lib/jvm/java-17-openjdk-amd64/lib/server/libjvm.so
7f73dcc53000-7f73dcd0b000 r--p 01252000 103:06 7898430                   /usr/lib/jvm/java-17-openjdk-amd64/lib/server/libjvm.so
7f73dcd0b000-7f73dcd40000 rw-p 0130a000 103:06 7898430                   /usr/lib/jvm/java-17-openjdk-amd64/lib/server/libjvm.so
7f73dcd40000-7f73dcd99000 rw-p 00000000 00:00 0 
7f73dcd9b000-7f73dcd9d000 r--p 00000000 103:06 7898413                   /usr/lib/jvm/java-17-openjdk-amd64/lib/libmanagement_ext.so
7f73dcd9d000-7f73dcda0000 r-xp 00002000 103:06 7898413                   /usr/lib/jvm/java-17-openjdk-amd64/lib/libmanagement_ext.so
7f73dcda0000-7f73dcda2000 r--p 00005000 103:06 7898413                   /usr/lib/jvm/java-17-openjdk-amd64/lib/libmanagement_ext.so
7f73dcda2000-7f73dcda3000 r--p 00006000 103:06 7898413                   /usr/lib/jvm/java-17-openjdk-amd64/lib/libmanagement_ext.so
7f73dcda3000-7f73dcda4000 rw-p 00007000 103:06 7898413                   /usr/lib/jvm/java-17-openjdk-amd64/lib/libmanagement_ext.so
7f73dcda4000-7f73dcda6000 r--p 00000000 103:06 7898411                   /usr/lib/jvm/java-17-openjdk-amd64/lib/libmanagement.so
7f73dcda6000-7f73dcda7000 r-xp 00002000 103:06 7898411                   /usr/lib/jvm/java-17-openjdk-amd64/lib/libmanagement.so
7f73dcda7000-7f73dcda8000 r--p 00003000 103:06 7898411                   /usr/lib/jvm/java-17-openjdk-amd64/lib/libmanagement.so
7f73dcda8000-7f73dcda9000 r--p 00003000 103:06 7898411                   /usr/lib/jvm/java-17-openjdk-amd64/lib/libmanagement.so
7f73dcda9000-7f73dcdaa000 rw-p 00004000 103:06 7898411                   /usr/lib/jvm/java-17-openjdk-amd64/lib/libmanagement.so
7f73dcdaa000-7f73dcdae000 r--p 00000000 103:06 7898415                   /usr/lib/jvm/java-17-openjdk-amd64/lib/libnet.so
7f73dcdae000-7f73dcdbc000 r-xp 00004000 103:06 7898415                   /usr/lib/jvm/java-17-openjdk-amd64/lib/libnet.so
7f73dcdbc000-7f73dcdc0000 r--p 00012000 103:06 7898415                   /usr/lib/jvm/java-17-openjdk-amd64/lib/libnet.so
7f73dcdc0000-7f73dcdc1000 r--p 00015000 103:06 7898415                   /usr/lib/jvm/java-17-openjdk-amd64/lib/libnet.so
7f73dcdc1000-7f73dcdc2000 rw-p 00016000 103:06 7898415                   /usr/lib/jvm/java-17-openjdk-amd64/lib/libnet.so
7f73dcdc2000-7f73dcdc8000 r--p 00000000 103:06 7898416                   /usr/lib/jvm/java-17-openjdk-amd64/lib/libnio.so
7f73dcdc8000-7f73dcdd1000 r-xp 00006000 103:06 7898416                   /usr/lib/jvm/java-17-openjdk-amd64/lib/libnio.so
7f73dcdd1000-7f73dcdd5000 r--p 0000f000 103:06 7898416                   /usr/lib/jvm/java-17-openjdk-amd64/lib/libnio.so
7f73dcdd5000-7f73dcdd6000 ---p 00013000 103:06 7898416                   /usr/lib/jvm/java-17-openjdk-amd64/lib/libnio.so
7f73dcdd6000-7f73dcdd7000 r--p 00013000 103:06 7898416                   /usr/lib/jvm/java-17-openjdk-amd64/lib/libnio.so
7f73dcdd7000-7f73dcdd8000 rw-p 00014000 103:06 7898416                   /usr/lib/jvm/java-17-openjdk-amd64/lib/libnio.so
7f73dcdd8000-7f73dcde4000 r--p 00000000 103:06 7898402                   /usr/lib/jvm/java-17-openjdk-amd64/lib/libjava.so
7f73dcde4000-7f73dcdf7000 r-xp 0000c000 103:06 7898402                   /usr/lib/jvm/java-17-openjdk-amd64/lib/libjava.so
7f73dcdf7000-7f73dcdfd000 r--p 0001f000 103:06 7898402                   /usr/lib/jvm/java-17-openjdk-amd64/lib/libjava.so
7f73dcdfd000-7f73dcdfe000 r--p 00024000 103:06 7898402                   /usr/lib/jvm/java-17-openjdk-amd64/lib/libjava.so
7f73dcdfe000-7f73dcdff000 rw-p 00025000 103:06 7898402                   /usr/lib/jvm/java-17-openjdk-amd64/lib/libjava.so
7f73dcdff000-7f73dce00000 rw-p 00000000 00:00 0 
7f73dce00000-7f73dce28000 r--p 00000000 103:06 7893718                   /usr/lib/x86_64-linux-gnu/libc.so.6
7f73dce28000-7f73dcfbd000 r-xp 00028000 103:06 7893718                   /usr/lib/x86_64-linux-gnu/libc.so.6
7f73dcfbd000-7f73dd015000 r--p 001bd000 103:06 7893718                   /usr/lib/x86_64-linux-gnu/libc.so.6
7f73dd015000-7f73dd019000 r--p 00214000 103:06 7893718                   /usr/lib/x86_64-linux-gnu/libc.so.6
7f73dd019000-7f73dd01b000 rw-p 00218000 103:06 7893718                   /usr/lib/x86_64-linux-gnu/libc.so.6
7f73dd01b000-7f73dd028000 rw-p 00000000 00:00 0 
7f73dd02c000-7f73dd02d000 r--p 00000000 103:06 7898395                   /usr/lib/jvm/java-17-openjdk-amd64/lib/libextnet.so
7f73dd02d000-7f73dd02e000 r-xp 00001000 103:06 7898395                   /usr/lib/jvm/java-17-openjdk-amd64/lib/libextnet.so
7f73dd02e000-7f73dd02f000 r--p 00002000 103:06 7898395                   /usr/lib/jvm/java-17-openjdk-amd64/lib/libextnet.so
7f73dd02f000-7f73dd030000 r--p 00002000 103:06 7898395                   /usr/lib/jvm/java-17-openjdk-amd64/lib/libextnet.so
7f73dd030000-7f73dd031000 rw-p 00003000 103:06 7898395                   /usr/lib/jvm/java-17-openjdk-amd64/lib/libextnet.so
7f73dd031000-7f73dd033000 r--p 00000000 103:06 7898423                   /usr/lib/jvm/java-17-openjdk-amd64/lib/libzip.so
7f73dd033000-7f73dd038000 r-xp 00002000 103:06 7898423                   /usr/lib/jvm/java-17-openjdk-amd64/lib/libzip.so
7f73dd038000-7f73dd03a000 r--p 00007000 103:06 7898423                   /usr/lib/jvm/java-17-openjdk-amd64/lib/libzip.so
7f73dd03a000-7f73dd03b000 r--p 00008000 103:06 7898423                   /usr/lib/jvm/java-17-openjdk-amd64/lib/libzip.so
7f73dd03b000-7f73dd03c000 rw-p 00009000 103:06 7898423                   /usr/lib/jvm/java-17-openjdk-amd64/lib/libzip.so
7f73dd03c000-7f73dd044000 rw-s 00000000 103:06 664119                    /tmp/hsperfdata_tanishka/31547
7f73dd044000-7f73dd045000 r--p 00000000 103:06 7898397                   /usr/lib/jvm/java-17-openjdk-amd64/lib/libinstrument.so
7f73dd045000-7f73dd04b000 r-xp 00001000 103:06 7898397                   /usr/lib/jvm/java-17-openjdk-amd64/lib/libinstrument.so
7f73dd04b000-7f73dd04e000 r--p 00007000 103:06 7898397                   /usr/lib/jvm/java-17-openjdk-amd64/lib/libinstrument.so
7f73dd04e000-7f73dd04f000 r--p 00009000 103:06 7898397                   /usr/lib/jvm/java-17-openjdk-amd64/lib/libinstrument.so
7f73dd04f000-7f73dd050000 rw-p 0000a000 103:06 7898397                   /usr/lib/jvm/java-17-openjdk-amd64/lib/libinstrument.so
7f73dd050000-7f73dd053000 r--p 00000000 103:06 7894046                   /usr/lib/x86_64-linux-gnu/libgcc_s.so.1
7f73dd053000-7f73dd06a000 r-xp 00003000 103:06 7894046                   /usr/lib/x86_64-linux-gnu/libgcc_s.so.1
7f73dd06a000-7f73dd06e000 r--p 0001a000 103:06 7894046                   /usr/lib/x86_64-linux-gnu/libgcc_s.so.1
7f73dd06e000-7f73dd06f000 r--p 0001d000 103:06 7894046                   /usr/lib/x86_64-linux-gnu/libgcc_s.so.1
7f73dd06f000-7f73dd070000 rw-p 0001e000 103:06 7894046                   /usr/lib/x86_64-linux-gnu/libgcc_s.so.1
7f73dd070000-7f73dd073000 rw-p 00000000 00:00 0 
7f73dd073000-7f73dd075000 r--p 00000000 103:06 7895296                   /usr/lib/x86_64-linux-gnu/libz.so.1.2.11
7f73dd075000-7f73dd086000 r-xp 00002000 103:06 7895296                   /usr/lib/x86_64-linux-gnu/libz.so.1.2.11
7f73dd086000-7f73dd08c000 r--p 00013000 103:06 7895296                   /usr/lib/x86_64-linux-gnu/libz.so.1.2.11
7f73dd08c000-7f73dd08d000 ---p 00019000 103:06 7895296                   /usr/lib/x86_64-linux-gnu/libz.so.1.2.11
7f73dd08d000-7f73dd08e000 r--p 00019000 103:06 7895296                   /usr/lib/x86_64-linux-gnu/libz.so.1.2.11
7f73dd08e000-7f73dd08f000 rw-p 0001a000 103:06 7895296                   /usr/lib/x86_64-linux-gnu/libz.so.1.2.11
7f73dd092000-7f73dd094000 r--s 0000c000 103:06 8258839                   /usr/share/java/java-atk-wrapper.jar
7f73dd094000-7f73dd095000 ---p 00000000 00:00 0 
7f73dd095000-7f73dd096000 r--p 00000000 00:00 0 
7f73dd096000-7f73dd098000 r--p 00000000 103:06 7898405                   /usr/lib/jvm/java-17-openjdk-amd64/lib/libjimage.so
7f73dd098000-7f73dd09b000 r-xp 00002000 103:06 7898405                   /usr/lib/jvm/java-17-openjdk-amd64/lib/libjimage.so
7f73dd09b000-7f73dd09c000 r--p 00005000 103:06 7898405                   /usr/lib/jvm/java-17-openjdk-amd64/lib/libjimage.so
7f73dd09c000-7f73dd09d000 ---p 00006000 103:06 7898405                   /usr/lib/jvm/java-17-openjdk-amd64/lib/libjimage.so
7f73dd09d000-7f73dd09e000 r--p 00006000 103:06 7898405                   /usr/lib/jvm/java-17-openjdk-amd64/lib/libjimage.so
7f73dd09e000-7f73dd09f000 rw-p 00007000 103:06 7898405                   /usr/lib/jvm/java-17-openjdk-amd64/lib/libjimage.so
7f73dd09f000-7f73dd0a1000 r--p 00000000 103:06 7898406                   /usr/lib/jvm/java-17-openjdk-amd64/lib/libjli.so
7f73dd0a1000-7f73dd0ab000 r-xp 00002000 103:06 7898406                   /usr/lib/jvm/java-17-openjdk-amd64/lib/libjli.so
7f73dd0ab000-7f73dd0ae000 r--p 0000c000 103:06 7898406                   /usr/lib/jvm/java-17-openjdk-amd64/lib/libjli.so
7f73dd0ae000-7f73dd0af000 r--p 0000e000 103:06 7898406                   /usr/lib/jvm/java-17-openjdk-amd64/lib/libjli.so
7f73dd0af000-7f73dd0b0000 rw-p 0000f000 103:06 7898406                   /usr/lib/jvm/java-17-openjdk-amd64/lib/libjli.so
7f73dd0b0000-7f73dd0b2000 rw-p 00000000 00:00 0 
7f73dd0b2000-7f73dd0b4000 r--p 00000000 103:06 7893198                   /usr/lib/x86_64-linux-gnu/ld-linux-x86-64.so.2
7f73dd0b4000-7f73dd0de000 r-xp 00002000 103:06 7893198                   /usr/lib/x86_64-linux-gnu/ld-linux-x86-64.so.2
7f73dd0de000-7f73dd0e9000 r--p 0002c000 103:06 7893198                   /usr/lib/x86_64-linux-gnu/ld-linux-x86-64.so.2
7f73dd0e9000-7f73dd0ea000 ---p 00000000 00:00 0 
7f73dd0ea000-7f73dd0ec000 r--p 00037000 103:06 7893198                   /usr/lib/x86_64-linux-gnu/ld-linux-x86-64.so.2
7f73dd0ec000-7f73dd0ee000 rw-p 00039000 103:06 7893198                   /usr/lib/x86_64-linux-gnu/ld-linux-x86-64.so.2
7fffde86e000-7fffde890000 rw-p 00000000 00:00 0                          [stack]
7fffde8e4000-7fffde8e8000 r--p 00000000 00:00 0                          [vvar]
7fffde8e8000-7fffde8ea000 r-xp 00000000 00:00 0                          [vdso]
ffffffffff600000-ffffffffff601000 --xp 00000000 00:00 0                  [vsyscall]


VM Arguments:
jvm_args: -XX:TieredStopAtLevel=1 -Dspring.output.ansi.enabled=always -Dcom.sun.management.jmxremote -Dspring.jmx.enabled=true -Dspring.liveBeansView.mbeanDomain -Dspring.application.admin.enabled=true -Dmanagement.endpoints.jmx.exposure.include=* -javaagent:/snap/intellij-idea-ultimate/449/lib/idea_rt.jar=43981:/snap/intellij-idea-ultimate/449/bin -Dfile.encoding=UTF-8 
java_command: com.example.demo.DemoApplication
java_class_path (initial): /home/tanishka/Documents/PE/demo/target/classes:/home/tanishka/.m2/repository/org/springframework/boot/spring-boot-starter/3.1.3/spring-boot-starter-3.1.3.jar:/home/tanishka/.m2/repository/org/springframework/boot/spring-boot/3.1.3/spring-boot-3.1.3.jar:/home/tanishka/.m2/repository/org/springframework/spring-context/6.0.11/spring-context-6.0.11.jar:/home/tanishka/.m2/repository/org/springframework/spring-aop/6.0.11/spring-aop-6.0.11.jar:/home/tanishka/.m2/repository/org/springframework/spring-beans/6.0.11/spring-beans-6.0.11.jar:/home/tanishka/.m2/repository/org/springframework/spring-expression/6.0.11/spring-expression-6.0.11.jar:/home/tanishka/.m2/repository/org/springframework/boot/spring-boot-autoconfigure/3.1.3/spring-boot-autoconfigure-3.1.3.jar:/home/tanishka/.m2/repository/org/springframework/boot/spring-boot-starter-logging/3.1.3/spring-boot-starter-logging-3.1.3.jar:/home/tanishka/.m2/repository/org/apache/logging/log4j/log4j-to-slf4j/2.20.0/log4j-to-slf4j-2.20.0.jar:/home/tanishka/.m2/repository/org/apache/logging/log4j/log4j-api/2.20.0/log4j-api-2.20.0.jar:/home/tanishka/.m2/repository/jakarta/annotation/jakarta.annotation-api/2.1.1/jakarta.annotation-api-2.1.1.jar:/home/tanishka/.m2/repository/org/springframework/spring-core/6.0.11/spring-core-6.0.11.jar:/home/tanishka/.m2/repository/org/springframework/spring-jcl/6.0.11/spring-jcl-6.0.11.jar:/home/tanishka/.m2/repository/org/yaml/snakeyaml/1.33/snakeyaml-1.33.jar:/home/tanishka/.m2/repository/net/sourceforge/tess4j/tess4j/4.5.1/tess4j-4.5.1.jar:/home/tanishka/.m2/repository/net/java/dev/jna/jna/5.5.0/jna-5.5.0.jar:/home/tanishka/.m2/repository/com/github/jai-imageio/jai-imageio-core/1.4.0/jai-imageio-core-1.4.0.jar:/home/tanishka/.m2/repository/org/ghost4j/ghost4j/1.0.1/ghost4j-1.0.1.jar:/home/tanishka/.m2/repository/log4j/log4j/1.2.17/log4j-1.2.17.jar:/home/tanishka/.m2/repository/commons-beanutils/commons-beanutils/1.9.2/commons-beanutils-1.9.2.jar:/home/tanishka/.m2/rep
Launcher Type: SUN_STANDARD

[Global flags]
     intx CICompilerCount                          = 4                                         {product} {ergonomic}
     uint ConcGCThreads                            = 2                                         {product} {ergonomic}
     uint G1ConcRefinementThreads                  = 8                                         {product} {ergonomic}
   size_t G1HeapRegionSize                         = 1048576                                   {product} {ergonomic}
    uintx GCDrainStackTargetSize                   = 64                                        {product} {ergonomic}
   size_t InitialHeapSize                          = 96468992                                  {product} {ergonomic}
     bool ManagementServer                         = true                                      {product} {command line}
   size_t MarkStackSize                            = 4194304                                   {product} {ergonomic}
   size_t MaxHeapSize                              = 1522532352                                {product} {ergonomic}
   size_t MaxNewSize                               = 913309696                                 {product} {ergonomic}
   size_t MinHeapDeltaBytes                        = 1048576                                   {product} {ergonomic}
   size_t MinHeapSize                              = 8388608                                   {product} {ergonomic}
    uintx NonProfiledCodeHeapSize                  = 0                                      {pd product} {ergonomic}
     bool ProfileInterpreter                       = false                                  {pd product} {command line}
    uintx ProfiledCodeHeapSize                     = 0                                      {pd product} {ergonomic}
   size_t SoftMaxHeapSize                          = 1522532352                             {manageable} {ergonomic}
     intx TieredStopAtLevel                        = 1                                         {product} {command line}
     bool UseCompressedClassPointers               = true                           {product lp64_product} {ergonomic}
     bool UseCompressedOops                        = true                           {product lp64_product} {ergonomic}
     bool UseG1GC                                  = true                                      {product} {ergonomic}

Logging:
Log output configuration:
 #0: stdout all=warning uptime,level,tags
 #1: stderr all=off uptime,level,tags

Environment Variables:
PATH=/home/tanishka/.local/bin:/usr/local/sbin:/usr/local/bin:/usr/sbin:/usr/bin:/sbin:/bin:/usr/games:/usr/local/games:/snap/bin:/snap/bin
USERNAME=tanishka
SHELL=/bin/bash
DISPLAY=:1
LANG=en_US.UTF-8

Signal Handlers:
   SIGSEGV: 0x00007f73dc951590 in libjvm.so+16061840, mask=11100100010111111101111111111110, flags=SA_RESTART|SA_SIGINFO
    SIGBUS: 0x00007f73dc951590 in libjvm.so+16061840, mask=11100100010111111101111111111110, flags=SA_RESTART|SA_SIGINFO
    SIGFPE: 0x00007f73dc951590 in libjvm.so+16061840, mask=11100100010111111101111111111110, flags=SA_RESTART|SA_SIGINFO
   SIGPIPE: 0x00007f73dc7f1cc0 in libjvm.so+14621888, mask=11100100010111111101111111111110, flags=SA_RESTART|SA_SIGINFO
   SIGXFSZ: 0x00007f73dc7f1cc0 in libjvm.so+14621888, mask=11100100010111111101111111111110, flags=SA_RESTART|SA_SIGINFO
    SIGILL: 0x00007f73dc951590 in libjvm.so+16061840, mask=11100100010111111101111111111110, flags=SA_RESTART|SA_SIGINFO
   SIGUSR2: 0x00007f73dc7f1350 in libjvm.so+14619472, mask=00100000000000000000000000000000, flags=SA_RESTART|SA_SIGINFO
    SIGHUP: 0x00007f73dc7f1280 in libjvm.so+14619264, mask=11100100010111111101111111111110, flags=SA_RESTART|SA_SIGINFO
    SIGINT: 0x00007f73dc7f1280 in libjvm.so+14619264, mask=11100100010111111101111111111110, flags=SA_RESTART|SA_SIGINFO
   SIGTERM: 0x00007f73dc7f1280 in libjvm.so+14619264, mask=11100100010111111101111111111110, flags=SA_RESTART|SA_SIGINFO
   SIGQUIT: 0x00007f73dc7f1280 in libjvm.so+14619264, mask=11100100010111111101111111111110, flags=SA_RESTART|SA_SIGINFO
   SIGTRAP: 0x00007f73dc951590 in libjvm.so+16061840, mask=11100100010111111101111111111110, flags=SA_RESTART|SA_SIGINFO


---------------  S Y S T E M  ---------------

OS:
DISTRIB_ID=Pop
DISTRIB_RELEASE=22.04
DISTRIB_CODENAME=jammy
DISTRIB_DESCRIPTION="Pop!_OS 22.04 LTS"
uname: Linux 6.2.6-76060206-generic #202303130630~1681329778~22.04~d824cd4 SMP PREEMPT_DYNAMIC Wed A x86_64
OS uptime: 1 days 16:15 hours
libc: glibc 2.35 NPTL 2.35 
rlimit (soft/hard): STACK 8192k/infinity , CORE 0k/infinity , NPROC 22666/22666 , NOFILE 1048576/1048576 , AS infinity/infinity , CPU infinity/infinity , DATA infinity/infinity , FSIZE infinity/infinity , MEMLOCK 742704k/742704k
load average: 3.44 3.37 2.19

/proc/meminfo:
MemTotal:        5941648 kB
MemFree:          224832 kB
MemAvailable:     609852 kB
Buffers:           10444 kB
Cached:           744568 kB
SwapCached:         1872 kB
Active:          2454004 kB
Inactive:        1313776 kB
Active(anon):    2005920 kB
Inactive(anon):  1092792 kB
Active(file):     448084 kB
Inactive(file):   220984 kB
Unevictable:          32 kB
Mlocked:              32 kB
SwapTotal:       5941244 kB
SwapFree:         566404 kB
Zswap:                 0 kB
Zswapped:              0 kB
Dirty:              2812 kB
Writeback:             0 kB
AnonPages:       3012996 kB
Mapped:           399456 kB
Shmem:             85716 kB
KReclaimable:     202568 kB
Slab:             400932 kB
SReclaimable:     202568 kB
SUnreclaim:       198364 kB
KernelStack:       23936 kB
PageTables:        68484 kB
SecPageTables:         0 kB
NFS_Unstable:          0 kB
Bounce:                0 kB
WritebackTmp:          0 kB
CommitLimit:     8912068 kB
Committed_AS:   18180372 kB
VmallocTotal:   34359738367 kB
VmallocUsed:      120148 kB
VmallocChunk:          0 kB
Percpu:             7648 kB
HardwareCorrupted:     0 kB
AnonHugePages:         0 kB
ShmemHugePages:        0 kB
ShmemPmdMapped:        0 kB
FileHugePages:         0 kB
FilePmdMapped:         0 kB
HugePages_Total:       0
HugePages_Free:        0
HugePages_Rsvd:        0
HugePages_Surp:        0
Hugepagesize:       2048 kB
Hugetlb:               0 kB
DirectMap4k:      594580 kB
DirectMap2M:     3483648 kB
DirectMap1G:     3145728 kB

/sys/kernel/mm/transparent_hugepage/enabled: always [madvise] never
/sys/kernel/mm/transparent_hugepage/defrag (defrag/compaction efforts parameter): always defer defer+madvise [madvise] never

Process Memory:
Virtual Size: 4597360K (peak: 4662896K)
Resident Set Size: 87268K (peak: 87268K) (anon: 50404K, file: 36864K, shmem: 0K)
Swapped out: 0K
C-Heap outstanding allocations: 30636K, retained: 2559K
glibc malloc tunables: (default)

/proc/sys/kernel/threads-max (system-wide limit on the number of threads): 45333
/proc/sys/vm/max_map_count (maximum number of memory map areas a process may have): 2147483642
/proc/sys/kernel/pid_max (system-wide limit on number of process identifiers): 4194304

container (cgroup) information:
container_type: cgroupv2
cpu_cpuset_cpus: not supported
cpu_memory_nodes: not supported
active_processor_count: 8
cpu_quota: not supported
cpu_period: not supported
cpu_shares: not supported
memory_limit_in_bytes: unlimited
memory_and_swap_limit_in_bytes: unlimited
memory_soft_limit_in_bytes: unlimited
memory_usage_in_bytes: 2246764 k
memory_max_usage_in_bytes: not supported
memory_swap_current_in_bytes: 1557080 k
memory_swap_max_limit_in_bytes: unlimited
maximum number of tasks: 6799
current number of tasks: 235

Steal ticks since vm start: 0
Steal ticks percentage since vm start:  0.000

CPU: total 8 (initial active 8) (8 cores per cpu, 2 threads per core) family 23 model 24 stepping 1 microcode 0x8108109, cx8, cmov, fxsr, ht, mmx, 3dnowpref, sse, sse2, sse3, ssse3, sse4a, sse4.1, sse4.2, popcnt, lzcnt, tsc, tscinvbit, avx, avx2, aes, clmul, bmi1, bmi2, adx, sha, fma, vzeroupper, clflush, clflushopt
CPU Model and flags from /proc/cpuinfo:
model name	: AMD Ryzen 5 3450U with Radeon Vega Mobile Gfx
flags		: fpu vme de pse tsc msr pae mce cx8 apic sep mtrr pge mca cmov pat pse36 clflush mmx fxsr sse sse2 ht syscall nx mmxext fxsr_opt pdpe1gb rdtscp lm constant_tsc rep_good nopl nonstop_tsc cpuid extd_apicid aperfmperf rapl pni pclmulqdq monitor ssse3 fma cx16 sse4_1 sse4_2 movbe popcnt aes xsave avx f16c rdrand lahf_lm cmp_legacy svm extapic cr8_legacy abm sse4a misalignsse 3dnowprefetch osvw skinit wdt tce topoext perfctr_core perfctr_nb bpext perfctr_llc mwaitx cpb hw_pstate ssbd ibpb vmmcall fsgsbase bmi1 avx2 smep bmi2 rdseed adx smap clflushopt sha_ni xsaveopt xsavec xgetbv1 xsaves clzero irperf xsaveerptr arat npt lbrv svm_lock nrip_save tsc_scale vmcb_clean flushbyasid decodeassists pausefilter pfthreshold avic v_vmsave_vmload vgif overflow_recov succor smca sev sev_es

Online cpus: 0-7
Offline cpus: 
BIOS frequency limitation: 2100000
Frequency switch latency (ns): 0
Available cpu frequencies: 2100000 1700000 1400000 
Current governor: schedutil
Core performance/turbo boost: 1

Memory: 4k page, physical 5941648k(224580k free), swap 5941244k(566404k free)
Page Sizes: 4k

vm_info: OpenJDK 64-Bit Server VM (17.0.6+10-Ubuntu-0ubuntu122.04) for linux-amd64 JRE (17.0.6+10-Ubuntu-0ubuntu122.04), built on Jan 24 2023 19:46:05 by "buildd" with gcc 11.3.0

END.
